<?xml version="1.0" encoding="UTF-8"?>
<!-- Generated by org.testng.reporters.JUnitXMLReporter -->
<testsuite hostname="SushmaReddy-PC" ignored="0" name="Default test" tests="1" failures="0" timestamp="21 Aug 2022 12:21:59 GMT" time="71.901" errors="0">
  <testcase name="@AfterTest closeBrowser" time="3.036" classname="assignments.BuyEnergyTest">
    <failure type="java.lang.StackOverflowError">
      <![CDATA[java.lang.StackOverflowError
at assignments.EnsekMethods.closeBrowser(EnsekMethods.java:72)
at assignments.EnsekMethods.closeBrowser(EnsekMethods.java:72)
at assignments.EnsekMethods.closeBrowser(EnsekMethods.java:72)
at assignments.EnsekMethods.closeBrowser(EnsekMethods.java:72)
at assignments.EnsekMethods.closeBrowser(EnsekMethods.java:72)
at assignments.EnsekMethods.closeBrowser(EnsekMethods.java:72)
at assignments.EnsekMethods.closeBrowser(EnsekMethods.java:72)
at assignments.EnsekMethods.closeBrowser(EnsekMethods.java:72)
at assignments.EnsekMethods.closeBrowser(EnsekMethods.java:72)
at assignments.EnsekMethods.closeBrowser(EnsekMethods.java:72)
at assignments.EnsekMethods.closeBrowser(EnsekMethods.java:72)
at assignments.EnsekMethods.closeBrowser(EnsekMethods.java:72)
at assignments.EnsekMethods.closeBrowser(EnsekMethods.java:72)
at assignments.EnsekMethods.closeBrowser(EnsekMethods.java:72)
at assignments.EnsekMethods.closeBrowser(EnsekMethods.java:72)
at assignments.EnsekMethods.closeBrowser(EnsekMethods.java:72)
at assignments.EnsekMethods.closeBrowser(EnsekMethods.java:72)
at assignments.EnsekMethods.closeBrowser(EnsekMethods.java:72)
at assignments.EnsekMethods.closeBrowser(EnsekMethods.java:72)
at assignments.EnsekMethods.closeBrowser(EnsekMethods.java:72)
at assignments.EnsekMethods.closeBrowser(EnsekMethods.java:72)
at assignments.EnsekMethods.closeBrowser(EnsekMethods.java:72)
at assignments.EnsekMethods.closeBrowser(EnsekMethods.java:72)
at assignments.EnsekMethods.closeBrowser(EnsekMethods.java:72)
at assignments.EnsekMethods.closeBrowser(EnsekMethods.java:72)
at assignments.EnsekMethods.closeBrowser(EnsekMethods.java:72)
at assignments.EnsekMethods.closeBrowser(EnsekMethods.java:72)
at assignments.EnsekMethods.closeBrowser(EnsekMethods.java:72)
at assignments.EnsekMethods.closeBrowser(EnsekMethods.java:72)
at assignments.EnsekMethods.closeBrowser(EnsekMethods.java:72)
at assignments.EnsekMethods.closeBrowser(EnsekMethods.java:72)
at assignments.EnsekMethods.closeBrowser(EnsekMethods.java:72)
at assignments.EnsekMethods.closeBrowser(EnsekMethods.java:72)
at assignments.EnsekMethods.closeBrowser(EnsekMethods.java:72)
at assignments.EnsekMethods.closeBrowser(EnsekMethods.java:72)
at assignments.EnsekMethods.closeBrowser(EnsekMethods.java:72)
at assignments.EnsekMethods.closeBrowser(EnsekMethods.java:72)
at assignments.EnsekMethods.closeBrowser(EnsekMethods.java:72)
at assignments.EnsekMethods.closeBrowser(EnsekMethods.java:72)
at assignments.EnsekMethods.closeBrowser(EnsekMethods.java:72)
at assignments.EnsekMethods.closeBrowser(EnsekMethods.java:72)
at assignments.EnsekMethods.closeBrowser(EnsekMethods.java:72)
at assignments.EnsekMethods.closeBrowser(EnsekMethods.java:72)
at assignments.EnsekMethods.closeBrowser(EnsekMethods.java:72)
at assignments.EnsekMethods.closeBrowser(EnsekMethods.java:72)
at assignments.EnsekMethods.closeBrowser(EnsekMethods.java:72)
at assignments.EnsekMethods.closeBrowser(EnsekMethods.java:72)
at assignments.EnsekMethods.closeBrowser(EnsekMethods.java:72)
at assignments.EnsekMethods.closeBrowser(EnsekMethods.java:72)
at assignments.EnsekMethods.closeBrowser(EnsekMethods.java:72)
at assignments.EnsekMethods.closeBrowser(EnsekMethods.java:72)
at assignments.EnsekMethods.closeBrowser(EnsekMethods.java:72)
at assignments.EnsekMethods.closeBrowser(EnsekMethods.java:72)
at assignments.EnsekMethods.closeBrowser(EnsekMethods.java:72)
at assignments.EnsekMethods.closeBrowser(EnsekMethods.java:72)
at assignments.EnsekMethods.closeBrowser(EnsekMethods.java:72)
at assignments.EnsekMethods.closeBrowser(EnsekMethods.java:72)
at assignments.EnsekMethods.closeBrowser(EnsekMethods.java:72)
at assignments.EnsekMethods.closeBrowser(EnsekMethods.java:72)
at assignments.EnsekMethods.closeBrowser(EnsekMethods.java:72)
at assignments.EnsekMethods.closeBrowser(EnsekMethods.java:72)
at assignments.EnsekMethods.closeBrowser(EnsekMethods.java:72)
at assignments.EnsekMethods.closeBrowser(EnsekMethods.java:72)
at assignments.EnsekMethods.closeBrowser(EnsekMethods.java:72)
at assignments.EnsekMethods.closeBrowser(EnsekMethods.java:72)
at assignments.EnsekMethods.closeBrowser(EnsekMethods.java:72)
at assignments.EnsekMethods.closeBrowser(EnsekMethods.java:72)
at assignments.EnsekMethods.closeBrowser(EnsekMethods.java:72)
at assignments.EnsekMethods.closeBrowser(EnsekMethods.java:72)
at assignments.EnsekMethods.closeBrowser(EnsekMethods.java:72)
at assignments.EnsekMethods.closeBrowser(EnsekMethods.java:72)
at assignments.EnsekMethods.closeBrowser(EnsekMethods.java:72)
at assignments.EnsekMethods.closeBrowser(EnsekMethods.java:72)
at assignments.EnsekMethods.closeBrowser(EnsekMethods.java:72)
at assignments.EnsekMethods.closeBrowser(EnsekMethods.java:72)
at assignments.EnsekMethods.closeBrowser(EnsekMethods.java:72)
at assignments.EnsekMethods.closeBrowser(EnsekMethods.java:72)
at assignments.EnsekMethods.closeBrowser(EnsekMethods.java:72)
at assignments.EnsekMethods.closeBrowser(EnsekMethods.java:72)
at assignments.EnsekMethods.closeBrowser(EnsekMethods.java:72)
at assignments.EnsekMethods.closeBrowser(EnsekMethods.java:72)
at assignments.EnsekMethods.closeBrowser(EnsekMethods.java:72)
at assignments.EnsekMethods.closeBrowser(EnsekMethods.java:72)
at assignments.EnsekMethods.closeBrowser(EnsekMethods.java:72)
at assignments.EnsekMethods.closeBrowser(EnsekMethods.java:72)
at assignments.EnsekMethods.closeBrowser(EnsekMethods.java:72)
at assignments.EnsekMethods.closeBrowser(EnsekMethods.java:72)
at assignments.EnsekMethods.closeBrowser(EnsekMethods.java:72)
at assignments.EnsekMethods.closeBrowser(EnsekMethods.java:72)
at assignments.EnsekMethods.closeBrowser(EnsekMethods.java:72)
at assignments.EnsekMethods.closeBrowser(EnsekMethods.java:72)
at assignments.EnsekMethods.closeBrowser(EnsekMethods.java:72)
at assignments.EnsekMethods.closeBrowser(EnsekMethods.java:72)
at assignments.EnsekMethods.closeBrowser(EnsekMethods.java:72)
at assignments.EnsekMethods.closeBrowser(EnsekMethods.java:72)
at assignments.EnsekMethods.closeBrowser(EnsekMethods.java:72)
at assignments.EnsekMethods.closeBrowser(EnsekMethods.java:72)
at assignments.EnsekMethods.closeBrowser(EnsekMethods.java:72)
at assignments.EnsekMethods.closeBrowser(EnsekMethods.java:72)
at assignments.EnsekMethods.closeBrowser(EnsekMethods.java:72)
at assignments.EnsekMethods.closeBrowser(EnsekMethods.java:72)
at assignments.EnsekMethods.closeBrowser(EnsekMethods.java:72)
at assignments.EnsekMethods.closeBrowser(EnsekMethods.java:72)
at assignments.EnsekMethods.closeBrowser(EnsekMethods.java:72)
at assignments.EnsekMethods.closeBrowser(EnsekMethods.java:72)
at assignments.EnsekMethods.closeBrowser(EnsekMethods.java:72)
at assignments.EnsekMethods.closeBrowser(EnsekMethods.java:72)
at assignments.EnsekMethods.closeBrowser(EnsekMethods.java:72)
at assignments.EnsekMethods.closeBrowser(EnsekMethods.java:72)
at assignments.EnsekMethods.closeBrowser(EnsekMethods.java:72)
at assignments.EnsekMethods.closeBrowser(EnsekMethods.java:72)
at assignments.EnsekMethods.closeBrowser(EnsekMethods.java:72)
at assignments.EnsekMethods.closeBrowser(EnsekMethods.java:72)
at assignments.EnsekMethods.closeBrowser(EnsekMethods.java:72)
at assignments.EnsekMethods.closeBrowser(EnsekMethods.java:72)
at assignments.EnsekMethods.closeBrowser(EnsekMethods.java:72)
at assignments.EnsekMethods.closeBrowser(EnsekMethods.java:72)
at assignments.EnsekMethods.closeBrowser(EnsekMethods.java:72)
at assignments.EnsekMethods.closeBrowser(EnsekMethods.java:72)
at assignments.EnsekMethods.closeBrowser(EnsekMethods.java:72)
at assignments.EnsekMethods.closeBrowser(EnsekMethods.java:72)
at assignments.EnsekMethods.closeBrowser(EnsekMethods.java:72)
at assignments.EnsekMethods.closeBrowser(EnsekMethods.java:72)
at assignments.EnsekMethods.closeBrowser(EnsekMethods.java:72)
at assignments.EnsekMethods.closeBrowser(EnsekMethods.java:72)
at assignments.EnsekMethods.closeBrowser(EnsekMethods.java:72)
at assignments.EnsekMethods.closeBrowser(EnsekMethods.java:72)
at assignments.EnsekMethods.closeBrowser(EnsekMethods.java:72)
at assignments.EnsekMethods.closeBrowser(EnsekMethods.java:72)
at assignments.EnsekMethods.closeBrowser(EnsekMethods.java:72)
at assignments.EnsekMethods.closeBrowser(EnsekMethods.java:72)
at assignments.EnsekMethods.closeBrowser(EnsekMethods.java:72)
at assignments.EnsekMethods.closeBrowser(EnsekMethods.java:72)
at assignments.EnsekMethods.closeBrowser(EnsekMethods.java:72)
at assignments.EnsekMethods.closeBrowser(EnsekMethods.java:72)
at assignments.EnsekMethods.closeBrowser(EnsekMethods.java:72)
at assignments.EnsekMethods.closeBrowser(EnsekMethods.java:72)
at assignments.EnsekMethods.closeBrowser(EnsekMethods.java:72)
at assignments.EnsekMethods.closeBrowser(EnsekMethods.java:72)
at assignments.EnsekMethods.closeBrowser(EnsekMethods.java:72)
at assignments.EnsekMethods.closeBrowser(EnsekMethods.java:72)
at assignments.EnsekMethods.closeBrowser(EnsekMethods.java:72)
at assignments.EnsekMethods.closeBrowser(EnsekMethods.java:72)
at assignments.EnsekMethods.closeBrowser(EnsekMethods.java:72)
at assignments.EnsekMethods.closeBrowser(EnsekMethods.java:72)
at assignments.EnsekMethods.closeBrowser(EnsekMethods.java:72)
at assignments.EnsekMethods.closeBrowser(EnsekMethods.java:72)
at assignments.EnsekMethods.closeBrowser(EnsekMethods.java:72)
at assignments.EnsekMethods.closeBrowser(EnsekMethods.java:72)
at assignments.EnsekMethods.closeBrowser(EnsekMethods.java:72)
at assignments.EnsekMethods.closeBrowser(EnsekMethods.java:72)
at assignments.EnsekMethods.closeBrowser(EnsekMethods.java:72)
at assignments.EnsekMethods.closeBrowser(EnsekMethods.java:72)
at assignments.EnsekMethods.closeBrowser(EnsekMethods.java:72)
at assignments.EnsekMethods.closeBrowser(EnsekMethods.java:72)
at assignments.EnsekMethods.closeBrowser(EnsekMethods.java:72)
at assignments.EnsekMethods.closeBrowser(EnsekMethods.java:72)
at assignments.EnsekMethods.closeBrowser(EnsekMethods.java:72)
at assignments.EnsekMethods.closeBrowser(EnsekMethods.java:72)
at assignments.EnsekMethods.closeBrowser(EnsekMethods.java:72)
at assignments.EnsekMethods.closeBrowser(EnsekMethods.java:72)
at assignments.EnsekMethods.closeBrowser(EnsekMethods.java:72)
at assignments.EnsekMethods.closeBrowser(EnsekMethods.java:72)
at assignments.EnsekMethods.closeBrowser(EnsekMethods.java:72)
at assignments.EnsekMethods.closeBrowser(EnsekMethods.java:72)
at assignments.EnsekMethods.closeBrowser(EnsekMethods.java:72)
at assignments.EnsekMethods.closeBrowser(EnsekMethods.java:72)
at assignments.EnsekMethods.closeBrowser(EnsekMethods.java:72)
at assignments.EnsekMethods.closeBrowser(EnsekMethods.java:72)
at assignments.EnsekMethods.closeBrowser(EnsekMethods.java:72)
at assignments.EnsekMethods.closeBrowser(EnsekMethods.java:72)
at assignments.EnsekMethods.closeBrowser(EnsekMethods.java:72)
at assignments.EnsekMethods.closeBrowser(EnsekMethods.java:72)
at assignments.EnsekMethods.closeBrowser(EnsekMethods.java:72)
at assignments.EnsekMethods.closeBrowser(EnsekMethods.java:72)
at assignments.EnsekMethods.closeBrowser(EnsekMethods.java:72)
at assignments.EnsekMethods.closeBrowser(EnsekMethods.java:72)
at assignments.EnsekMethods.closeBrowser(EnsekMethods.java:72)
at assignments.EnsekMethods.closeBrowser(EnsekMethods.java:72)
at assignments.EnsekMethods.closeBrowser(EnsekMethods.java:72)
at assignments.EnsekMethods.closeBrowser(EnsekMethods.java:72)
at assignments.EnsekMethods.closeBrowser(EnsekMethods.java:72)
at assignments.EnsekMethods.closeBrowser(EnsekMethods.java:72)
at assignments.EnsekMethods.closeBrowser(EnsekMethods.java:72)
at assignments.EnsekMethods.closeBrowser(EnsekMethods.java:72)
at assignments.EnsekMethods.closeBrowser(EnsekMethods.java:72)
at assignments.EnsekMethods.closeBrowser(EnsekMethods.java:72)
at assignments.EnsekMethods.closeBrowser(EnsekMethods.java:72)
at assignments.EnsekMethods.closeBrowser(EnsekMethods.java:72)
at assignments.EnsekMethods.closeBrowser(EnsekMethods.java:72)
at assignments.EnsekMethods.closeBrowser(EnsekMethods.java:72)
at assignments.EnsekMethods.closeBrowser(EnsekMethods.java:72)
at assignments.EnsekMethods.closeBrowser(EnsekMethods.java:72)
at assignments.EnsekMethods.closeBrowser(EnsekMethods.java:72)
at assignments.EnsekMethods.closeBrowser(EnsekMethods.java:72)
at assignments.EnsekMethods.closeBrowser(EnsekMethods.java:72)
at assignments.EnsekMethods.closeBrowser(EnsekMethods.java:72)
at assignments.EnsekMethods.closeBrowser(EnsekMethods.java:72)
at assignments.EnsekMethods.closeBrowser(EnsekMethods.java:72)
at assignments.EnsekMethods.closeBrowser(EnsekMethods.java:72)
at assignments.EnsekMethods.closeBrowser(EnsekMethods.java:72)
at assignments.EnsekMethods.closeBrowser(EnsekMethods.java:72)
at assignments.EnsekMethods.closeBrowser(EnsekMethods.java:72)
at assignments.EnsekMethods.closeBrowser(EnsekMethods.java:72)
at assignments.EnsekMethods.closeBrowser(EnsekMethods.java:72)
at assignments.EnsekMethods.closeBrowser(EnsekMethods.java:72)
at assignments.EnsekMethods.closeBrowser(EnsekMethods.java:72)
at assignments.EnsekMethods.closeBrowser(EnsekMethods.java:72)
at assignments.EnsekMethods.closeBrowser(EnsekMethods.java:72)
at assignments.EnsekMethods.closeBrowser(EnsekMethods.java:72)
at assignments.EnsekMethods.closeBrowser(EnsekMethods.java:72)
at assignments.EnsekMethods.closeBrowser(EnsekMethods.java:72)
at assignments.EnsekMethods.closeBrowser(EnsekMethods.java:72)
at assignments.EnsekMethods.closeBrowser(EnsekMethods.java:72)
at assignments.EnsekMethods.closeBrowser(EnsekMethods.java:72)
at assignments.EnsekMethods.closeBrowser(EnsekMethods.java:72)
at assignments.EnsekMethods.closeBrowser(EnsekMethods.java:72)
at assignments.EnsekMethods.closeBrowser(EnsekMethods.java:72)
at assignments.EnsekMethods.closeBrowser(EnsekMethods.java:72)
at assignments.EnsekMethods.closeBrowser(EnsekMethods.java:72)
at assignments.EnsekMethods.closeBrowser(EnsekMethods.java:72)
at assignments.EnsekMethods.closeBrowser(EnsekMethods.java:72)
at assignments.EnsekMethods.closeBrowser(EnsekMethods.java:72)
at assignments.EnsekMethods.closeBrowser(EnsekMethods.java:72)
at assignments.EnsekMethods.closeBrowser(EnsekMethods.java:72)
at assignments.EnsekMethods.closeBrowser(EnsekMethods.java:72)
at assignments.EnsekMethods.closeBrowser(EnsekMethods.java:72)
at assignments.EnsekMethods.closeBrowser(EnsekMethods.java:72)
at assignments.EnsekMethods.closeBrowser(EnsekMethods.java:72)
at assignments.EnsekMethods.closeBrowser(EnsekMethods.java:72)
at assignments.EnsekMethods.closeBrowser(EnsekMethods.java:72)
at assignments.EnsekMethods.closeBrowser(EnsekMethods.java:72)
at assignments.EnsekMethods.closeBrowser(EnsekMethods.java:72)
at assignments.EnsekMethods.closeBrowser(EnsekMethods.java:72)
at assignments.EnsekMethods.closeBrowser(EnsekMethods.java:72)
at assignments.EnsekMethods.closeBrowser(EnsekMethods.java:72)
at assignments.EnsekMethods.closeBrowser(EnsekMethods.java:72)
at assignments.EnsekMethods.closeBrowser(EnsekMethods.java:72)
at assignments.EnsekMethods.closeBrowser(EnsekMethods.java:72)
at assignments.EnsekMethods.closeBrowser(EnsekMethods.java:72)
at assignments.EnsekMethods.closeBrowser(EnsekMethods.java:72)
at assignments.EnsekMethods.closeBrowser(EnsekMethods.java:72)
at assignments.EnsekMethods.closeBrowser(EnsekMethods.java:72)
at assignments.EnsekMethods.closeBrowser(EnsekMethods.java:72)
at assignments.EnsekMethods.closeBrowser(EnsekMethods.java:72)
at assignments.EnsekMethods.closeBrowser(EnsekMethods.java:72)
at assignments.EnsekMethods.closeBrowser(EnsekMethods.java:72)
at assignments.EnsekMethods.closeBrowser(EnsekMethods.java:72)
at assignments.EnsekMethods.closeBrowser(EnsekMethods.java:72)
at assignments.EnsekMethods.closeBrowser(EnsekMethods.java:72)
at assignments.EnsekMethods.closeBrowser(EnsekMethods.java:72)
at assignments.EnsekMethods.closeBrowser(EnsekMethods.java:72)
at assignments.EnsekMethods.closeBrowser(EnsekMethods.java:72)
at assignments.EnsekMethods.closeBrowser(EnsekMethods.java:72)
at assignments.EnsekMethods.closeBrowser(EnsekMethods.java:72)
at assignments.EnsekMethods.closeBrowser(EnsekMethods.java:72)
at assignments.EnsekMethods.closeBrowser(EnsekMethods.java:72)
at assignments.EnsekMethods.closeBrowser(EnsekMethods.java:72)
at assignments.EnsekMethods.closeBrowser(EnsekMethods.java:72)
at assignments.EnsekMethods.closeBrowser(EnsekMethods.java:72)
at assignments.EnsekMethods.closeBrowser(EnsekMethods.java:72)
at assignments.EnsekMethods.closeBrowser(EnsekMethods.java:72)
at assignments.EnsekMethods.closeBrowser(EnsekMethods.java:72)
at assignments.EnsekMethods.closeBrowser(EnsekMethods.java:72)
at assignments.EnsekMethods.closeBrowser(EnsekMethods.java:72)
at assignments.EnsekMethods.closeBrowser(EnsekMethods.java:72)
at assignments.EnsekMethods.closeBrowser(EnsekMethods.java:72)
at assignments.EnsekMethods.closeBrowser(EnsekMethods.java:72)
at assignments.EnsekMethods.closeBrowser(EnsekMethods.java:72)
at assignments.EnsekMethods.closeBrowser(EnsekMethods.java:72)
at assignments.EnsekMethods.closeBrowser(EnsekMethods.java:72)
at assignments.EnsekMethods.closeBrowser(EnsekMethods.java:72)
at assignments.EnsekMethods.closeBrowser(EnsekMethods.java:72)
at assignments.EnsekMethods.closeBrowser(EnsekMethods.java:72)
at assignments.EnsekMethods.closeBrowser(EnsekMethods.java:72)
at assignments.EnsekMethods.closeBrowser(EnsekMethods.java:72)
at assignments.EnsekMethods.closeBrowser(EnsekMethods.java:72)
at assignments.EnsekMethods.closeBrowser(EnsekMethods.java:72)
at assignments.EnsekMethods.closeBrowser(EnsekMethods.java:72)
at assignments.EnsekMethods.closeBrowser(EnsekMethods.java:72)
at assignments.EnsekMethods.closeBrowser(EnsekMethods.java:72)
at assignments.EnsekMethods.closeBrowser(EnsekMethods.java:72)
at assignments.EnsekMethods.closeBrowser(EnsekMethods.java:72)
at assignments.EnsekMethods.closeBrowser(EnsekMethods.java:72)
at assignments.EnsekMethods.closeBrowser(EnsekMethods.java:72)
at assignments.EnsekMethods.closeBrowser(EnsekMethods.java:72)
at assignments.EnsekMethods.closeBrowser(EnsekMethods.java:72)
at assignments.EnsekMethods.closeBrowser(EnsekMethods.java:72)
at assignments.EnsekMethods.closeBrowser(EnsekMethods.java:72)
at assignments.EnsekMethods.closeBrowser(EnsekMethods.java:72)
at assignments.EnsekMethods.closeBrowser(EnsekMethods.java:72)
at assignments.EnsekMethods.closeBrowser(EnsekMethods.java:72)
at assignments.EnsekMethods.closeBrowser(EnsekMethods.java:72)
at assignments.EnsekMethods.closeBrowser(EnsekMethods.java:72)
at assignments.EnsekMethods.closeBrowser(EnsekMethods.java:72)
at assignments.EnsekMethods.closeBrowser(EnsekMethods.java:72)
at assignments.EnsekMethods.closeBrowser(EnsekMethods.java:72)
at assignments.EnsekMethods.closeBrowser(EnsekMethods.java:72)
at assignments.EnsekMethods.closeBrowser(EnsekMethods.java:72)
at assignments.EnsekMethods.closeBrowser(EnsekMethods.java:72)
at assignments.EnsekMethods.closeBrowser(EnsekMethods.java:72)
at assignments.EnsekMethods.closeBrowser(EnsekMethods.java:72)
at assignments.EnsekMethods.closeBrowser(EnsekMethods.java:72)
at assignments.EnsekMethods.closeBrowser(EnsekMethods.java:72)
at assignments.EnsekMethods.closeBrowser(EnsekMethods.java:72)
at assignments.EnsekMethods.closeBrowser(EnsekMethods.java:72)
at assignments.EnsekMethods.closeBrowser(EnsekMethods.java:72)
at assignments.EnsekMethods.closeBrowser(EnsekMethods.java:72)
at assignments.EnsekMethods.closeBrowser(EnsekMethods.java:72)
at assignments.EnsekMethods.closeBrowser(EnsekMethods.java:72)
at assignments.EnsekMethods.closeBrowser(EnsekMethods.java:72)
at assignments.EnsekMethods.closeBrowser(EnsekMethods.java:72)
at assignments.EnsekMethods.closeBrowser(EnsekMethods.java:72)
at assignments.EnsekMethods.closeBrowser(EnsekMethods.java:72)
at assignments.EnsekMethods.closeBrowser(EnsekMethods.java:72)
at assignments.EnsekMethods.closeBrowser(EnsekMethods.java:72)
at assignments.EnsekMethods.closeBrowser(EnsekMethods.java:72)
at assignments.EnsekMethods.closeBrowser(EnsekMethods.java:72)
at assignments.EnsekMethods.closeBrowser(EnsekMethods.java:72)
at assignments.EnsekMethods.closeBrowser(EnsekMethods.java:72)
at assignments.EnsekMethods.closeBrowser(EnsekMethods.java:72)
at assignments.EnsekMethods.closeBrowser(EnsekMethods.java:72)
at assignments.EnsekMethods.closeBrowser(EnsekMethods.java:72)
at assignments.EnsekMethods.closeBrowser(EnsekMethods.java:72)
at assignments.EnsekMethods.closeBrowser(EnsekMethods.java:72)
at assignments.EnsekMethods.closeBrowser(EnsekMethods.java:72)
at assignments.EnsekMethods.closeBrowser(EnsekMethods.java:72)
at assignments.EnsekMethods.closeBrowser(EnsekMethods.java:72)
at assignments.EnsekMethods.closeBrowser(EnsekMethods.java:72)
at assignments.EnsekMethods.closeBrowser(EnsekMethods.java:72)
at assignments.EnsekMethods.closeBrowser(EnsekMethods.java:72)
at assignments.EnsekMethods.closeBrowser(EnsekMethods.java:72)
at assignments.EnsekMethods.closeBrowser(EnsekMethods.java:72)
at assignments.EnsekMethods.closeBrowser(EnsekMethods.java:72)
at assignments.EnsekMethods.closeBrowser(EnsekMethods.java:72)
at assignments.EnsekMethods.closeBrowser(EnsekMethods.java:72)
at assignments.EnsekMethods.closeBrowser(EnsekMethods.java:72)
at assignments.EnsekMethods.closeBrowser(EnsekMethods.java:72)
at assignments.EnsekMethods.closeBrowser(EnsekMethods.java:72)
at assignments.EnsekMethods.closeBrowser(EnsekMethods.java:72)
at assignments.EnsekMethods.closeBrowser(EnsekMethods.java:72)
at assignments.EnsekMethods.closeBrowser(EnsekMethods.java:72)
at assignments.EnsekMethods.closeBrowser(EnsekMethods.java:72)
at assignments.EnsekMethods.closeBrowser(EnsekMethods.java:72)
at assignments.EnsekMethods.closeBrowser(EnsekMethods.java:72)
at assignments.EnsekMethods.closeBrowser(EnsekMethods.java:72)
at assignments.EnsekMethods.closeBrowser(EnsekMethods.java:72)
at assignments.EnsekMethods.closeBrowser(EnsekMethods.java:72)
at assignments.EnsekMethods.closeBrowser(EnsekMethods.java:72)
at assignments.EnsekMethods.closeBrowser(EnsekMethods.java:72)
at assignments.EnsekMethods.closeBrowser(EnsekMethods.java:72)
at assignments.EnsekMethods.closeBrowser(EnsekMethods.java:72)
at assignments.EnsekMethods.closeBrowser(EnsekMethods.java:72)
at assignments.EnsekMethods.closeBrowser(EnsekMethods.java:72)
at assignments.EnsekMethods.closeBrowser(EnsekMethods.java:72)
at assignments.EnsekMethods.closeBrowser(EnsekMethods.java:72)
at assignments.EnsekMethods.closeBrowser(EnsekMethods.java:72)
at assignments.EnsekMethods.closeBrowser(EnsekMethods.java:72)
at assignments.EnsekMethods.closeBrowser(EnsekMethods.java:72)
at assignments.EnsekMethods.closeBrowser(EnsekMethods.java:72)
at assignments.EnsekMethods.closeBrowser(EnsekMethods.java:72)
at assignments.EnsekMethods.closeBrowser(EnsekMethods.java:72)
at assignments.EnsekMethods.closeBrowser(EnsekMethods.java:72)
at assignments.EnsekMethods.closeBrowser(EnsekMethods.java:72)
at assignments.EnsekMethods.closeBrowser(EnsekMethods.java:72)
at assignments.EnsekMethods.closeBrowser(EnsekMethods.java:72)
at assignments.EnsekMethods.closeBrowser(EnsekMethods.java:72)
at assignments.EnsekMethods.closeBrowser(EnsekMethods.java:72)
at assignments.EnsekMethods.closeBrowser(EnsekMethods.java:72)
at assignments.EnsekMethods.closeBrowser(EnsekMethods.java:72)
at assignments.EnsekMethods.closeBrowser(EnsekMethods.java:72)
at assignments.EnsekMethods.closeBrowser(EnsekMethods.java:72)
at assignments.EnsekMethods.closeBrowser(EnsekMethods.java:72)
at assignments.EnsekMethods.closeBrowser(EnsekMethods.java:72)
at assignments.EnsekMethods.closeBrowser(EnsekMethods.java:72)
at assignments.EnsekMethods.closeBrowser(EnsekMethods.java:72)
at assignments.EnsekMethods.closeBrowser(EnsekMethods.java:72)
at assignments.EnsekMethods.closeBrowser(EnsekMethods.java:72)
at assignments.EnsekMethods.closeBrowser(EnsekMethods.java:72)
at assignments.EnsekMethods.closeBrowser(EnsekMethods.java:72)
at assignments.EnsekMethods.closeBrowser(EnsekMethods.java:72)
at assignments.EnsekMethods.closeBrowser(EnsekMethods.java:72)
at assignments.EnsekMethods.closeBrowser(EnsekMethods.java:72)
at assignments.EnsekMethods.closeBrowser(EnsekMethods.java:72)
at assignments.EnsekMethods.closeBrowser(EnsekMethods.java:72)
at assignments.EnsekMethods.closeBrowser(EnsekMethods.java:72)
at assignments.EnsekMethods.closeBrowser(EnsekMethods.java:72)
at assignments.EnsekMethods.closeBrowser(EnsekMethods.java:72)
at assignments.EnsekMethods.closeBrowser(EnsekMethods.java:72)
at assignments.EnsekMethods.closeBrowser(EnsekMethods.java:72)
at assignments.EnsekMethods.closeBrowser(EnsekMethods.java:72)
at assignments.EnsekMethods.closeBrowser(EnsekMethods.java:72)
at assignments.EnsekMethods.closeBrowser(EnsekMethods.java:72)
at assignments.EnsekMethods.closeBrowser(EnsekMethods.java:72)
at assignments.EnsekMethods.closeBrowser(EnsekMethods.java:72)
at assignments.EnsekMethods.closeBrowser(EnsekMethods.java:72)
at assignments.EnsekMethods.closeBrowser(EnsekMethods.java:72)
at assignments.EnsekMethods.closeBrowser(EnsekMethods.java:72)
at assignments.EnsekMethods.closeBrowser(EnsekMethods.java:72)
at assignments.EnsekMethods.closeBrowser(EnsekMethods.java:72)
at assignments.EnsekMethods.closeBrowser(EnsekMethods.java:72)
at assignments.EnsekMethods.closeBrowser(EnsekMethods.java:72)
at assignments.EnsekMethods.closeBrowser(EnsekMethods.java:72)
at assignments.EnsekMethods.closeBrowser(EnsekMethods.java:72)
at assignments.EnsekMethods.closeBrowser(EnsekMethods.java:72)
at assignments.EnsekMethods.closeBrowser(EnsekMethods.java:72)
at assignments.EnsekMethods.closeBrowser(EnsekMethods.java:72)
at assignments.EnsekMethods.closeBrowser(EnsekMethods.java:72)
at assignments.EnsekMethods.closeBrowser(EnsekMethods.java:72)
at assignments.EnsekMethods.closeBrowser(EnsekMethods.java:72)
at assignments.EnsekMethods.closeBrowser(EnsekMethods.java:72)
at assignments.EnsekMethods.closeBrowser(EnsekMethods.java:72)
at assignments.EnsekMethods.closeBrowser(EnsekMethods.java:72)
at assignments.EnsekMethods.closeBrowser(EnsekMethods.java:72)
at assignments.EnsekMethods.closeBrowser(EnsekMethods.java:72)
at assignments.EnsekMethods.closeBrowser(EnsekMethods.java:72)
at assignments.EnsekMethods.closeBrowser(EnsekMethods.java:72)
at assignments.EnsekMethods.closeBrowser(EnsekMethods.java:72)
at assignments.EnsekMethods.closeBrowser(EnsekMethods.java:72)
at assignments.EnsekMethods.closeBrowser(EnsekMethods.java:72)
at assignments.EnsekMethods.closeBrowser(EnsekMethods.java:72)
at assignments.EnsekMethods.closeBrowser(EnsekMethods.java:72)
at assignments.EnsekMethods.closeBrowser(EnsekMethods.java:72)
at assignments.EnsekMethods.closeBrowser(EnsekMethods.java:72)
at assignments.EnsekMethods.closeBrowser(EnsekMethods.java:72)
at assignments.EnsekMethods.closeBrowser(EnsekMethods.java:72)
at assignments.EnsekMethods.closeBrowser(EnsekMethods.java:72)
at assignments.EnsekMethods.closeBrowser(EnsekMethods.java:72)
at assignments.EnsekMethods.closeBrowser(EnsekMethods.java:72)
at assignments.EnsekMethods.closeBrowser(EnsekMethods.java:72)
at assignments.EnsekMethods.closeBrowser(EnsekMethods.java:72)
at assignments.EnsekMethods.closeBrowser(EnsekMethods.java:72)
at assignments.EnsekMethods.closeBrowser(EnsekMethods.java:72)
at assignments.EnsekMethods.closeBrowser(EnsekMethods.java:72)
at assignments.EnsekMethods.closeBrowser(EnsekMethods.java:72)
at assignments.EnsekMethods.closeBrowser(EnsekMethods.java:72)
at assignments.EnsekMethods.closeBrowser(EnsekMethods.java:72)
at assignments.EnsekMethods.closeBrowser(EnsekMethods.java:72)
at assignments.EnsekMethods.closeBrowser(EnsekMethods.java:72)
at assignments.EnsekMethods.closeBrowser(EnsekMethods.java:72)
at assignments.EnsekMethods.closeBrowser(EnsekMethods.java:72)
at assignments.EnsekMethods.closeBrowser(EnsekMethods.java:72)
at assignments.EnsekMethods.closeBrowser(EnsekMethods.java:72)
at assignments.EnsekMethods.closeBrowser(EnsekMethods.java:72)
at assignments.EnsekMethods.closeBrowser(EnsekMethods.java:72)
at assignments.EnsekMethods.closeBrowser(EnsekMethods.java:72)
at assignments.EnsekMethods.closeBrowser(EnsekMethods.java:72)
at assignments.EnsekMethods.closeBrowser(EnsekMethods.java:72)
at assignments.EnsekMethods.closeBrowser(EnsekMethods.java:72)
at assignments.EnsekMethods.closeBrowser(EnsekMethods.java:72)
at assignments.EnsekMethods.closeBrowser(EnsekMethods.java:72)
at assignments.EnsekMethods.closeBrowser(EnsekMethods.java:72)
at assignments.EnsekMethods.closeBrowser(EnsekMethods.java:72)
at assignments.EnsekMethods.closeBrowser(EnsekMethods.java:72)
at assignments.EnsekMethods.closeBrowser(EnsekMethods.java:72)
at assignments.EnsekMethods.closeBrowser(EnsekMethods.java:72)
at assignments.EnsekMethods.closeBrowser(EnsekMethods.java:72)
at assignments.EnsekMethods.closeBrowser(EnsekMethods.java:72)
at assignments.EnsekMethods.closeBrowser(EnsekMethods.java:72)
at assignments.EnsekMethods.closeBrowser(EnsekMethods.java:72)
at assignments.EnsekMethods.closeBrowser(EnsekMethods.java:72)
at assignments.EnsekMethods.closeBrowser(EnsekMethods.java:72)
at assignments.EnsekMethods.closeBrowser(EnsekMethods.java:72)
at assignments.EnsekMethods.closeBrowser(EnsekMethods.java:72)
at assignments.EnsekMethods.closeBrowser(EnsekMethods.java:72)
at assignments.EnsekMethods.closeBrowser(EnsekMethods.java:72)
at assignments.EnsekMethods.closeBrowser(EnsekMethods.java:72)
at assignments.EnsekMethods.closeBrowser(EnsekMethods.java:72)
at assignments.EnsekMethods.closeBrowser(EnsekMethods.java:72)
at assignments.EnsekMethods.closeBrowser(EnsekMethods.java:72)
at assignments.EnsekMethods.closeBrowser(EnsekMethods.java:72)
at assignments.EnsekMethods.closeBrowser(EnsekMethods.java:72)
at assignments.EnsekMethods.closeBrowser(EnsekMethods.java:72)
at assignments.EnsekMethods.closeBrowser(EnsekMethods.java:72)
at assignments.EnsekMethods.closeBrowser(EnsekMethods.java:72)
at assignments.EnsekMethods.closeBrowser(EnsekMethods.java:72)
at assignments.EnsekMethods.closeBrowser(EnsekMethods.java:72)
at assignments.EnsekMethods.closeBrowser(EnsekMethods.java:72)
at assignments.EnsekMethods.closeBrowser(EnsekMethods.java:72)
at assignments.EnsekMethods.closeBrowser(EnsekMethods.java:72)
at assignments.EnsekMethods.closeBrowser(EnsekMethods.java:72)
at assignments.EnsekMethods.closeBrowser(EnsekMethods.java:72)
at assignments.EnsekMethods.closeBrowser(EnsekMethods.java:72)
at assignments.EnsekMethods.closeBrowser(EnsekMethods.java:72)
at assignments.EnsekMethods.closeBrowser(EnsekMethods.java:72)
at assignments.EnsekMethods.closeBrowser(EnsekMethods.java:72)
at assignments.EnsekMethods.closeBrowser(EnsekMethods.java:72)
at assignments.EnsekMethods.closeBrowser(EnsekMethods.java:72)
at assignments.EnsekMethods.closeBrowser(EnsekMethods.java:72)
at assignments.EnsekMethods.closeBrowser(EnsekMethods.java:72)
at assignments.EnsekMethods.closeBrowser(EnsekMethods.java:72)
at assignments.EnsekMethods.closeBrowser(EnsekMethods.java:72)
at assignments.EnsekMethods.closeBrowser(EnsekMethods.java:72)
at assignments.EnsekMethods.closeBrowser(EnsekMethods.java:72)
at assignments.EnsekMethods.closeBrowser(EnsekMethods.java:72)
at assignments.EnsekMethods.closeBrowser(EnsekMethods.java:72)
at assignments.EnsekMethods.closeBrowser(EnsekMethods.java:72)
at assignments.EnsekMethods.closeBrowser(EnsekMethods.java:72)
at assignments.EnsekMethods.closeBrowser(EnsekMethods.java:72)
at assignments.EnsekMethods.closeBrowser(EnsekMethods.java:72)
at assignments.EnsekMethods.closeBrowser(EnsekMethods.java:72)
at assignments.EnsekMethods.closeBrowser(EnsekMethods.java:72)
at assignments.EnsekMethods.closeBrowser(EnsekMethods.java:72)
at assignments.EnsekMethods.closeBrowser(EnsekMethods.java:72)
at assignments.EnsekMethods.closeBrowser(EnsekMethods.java:72)
at assignments.EnsekMethods.closeBrowser(EnsekMethods.java:72)
at assignments.EnsekMethods.closeBrowser(EnsekMethods.java:72)
at assignments.EnsekMethods.closeBrowser(EnsekMethods.java:72)
at assignments.EnsekMethods.closeBrowser(EnsekMethods.java:72)
at assignments.EnsekMethods.closeBrowser(EnsekMethods.java:72)
at assignments.EnsekMethods.closeBrowser(EnsekMethods.java:72)
at assignments.EnsekMethods.closeBrowser(EnsekMethods.java:72)
at assignments.EnsekMethods.closeBrowser(EnsekMethods.java:72)
at assignments.EnsekMethods.closeBrowser(EnsekMethods.java:72)
at assignments.EnsekMethods.closeBrowser(EnsekMethods.java:72)
at assignments.EnsekMethods.closeBrowser(EnsekMethods.java:72)
at assignments.EnsekMethods.closeBrowser(EnsekMethods.java:72)
at assignments.EnsekMethods.closeBrowser(EnsekMethods.java:72)
at assignments.EnsekMethods.closeBrowser(EnsekMethods.java:72)
at assignments.EnsekMethods.closeBrowser(EnsekMethods.java:72)
at assignments.EnsekMethods.closeBrowser(EnsekMethods.java:72)
at assignments.EnsekMethods.closeBrowser(EnsekMethods.java:72)
at assignments.EnsekMethods.closeBrowser(EnsekMethods.java:72)
at assignments.EnsekMethods.closeBrowser(EnsekMethods.java:72)
at assignments.EnsekMethods.closeBrowser(EnsekMethods.java:72)
at assignments.EnsekMethods.closeBrowser(EnsekMethods.java:72)
at assignments.EnsekMethods.closeBrowser(EnsekMethods.java:72)
at assignments.EnsekMethods.closeBrowser(EnsekMethods.java:72)
at assignments.EnsekMethods.closeBrowser(EnsekMethods.java:72)
at assignments.EnsekMethods.closeBrowser(EnsekMethods.java:72)
at assignments.EnsekMethods.closeBrowser(EnsekMethods.java:72)
at assignments.EnsekMethods.closeBrowser(EnsekMethods.java:72)
at assignments.EnsekMethods.closeBrowser(EnsekMethods.java:72)
at assignments.EnsekMethods.closeBrowser(EnsekMethods.java:72)
at assignments.EnsekMethods.closeBrowser(EnsekMethods.java:72)
at assignments.EnsekMethods.closeBrowser(EnsekMethods.java:72)
at assignments.EnsekMethods.closeBrowser(EnsekMethods.java:72)
at assignments.EnsekMethods.closeBrowser(EnsekMethods.java:72)
at assignments.EnsekMethods.closeBrowser(EnsekMethods.java:72)
at assignments.EnsekMethods.closeBrowser(EnsekMethods.java:72)
at assignments.EnsekMethods.closeBrowser(EnsekMethods.java:72)
at assignments.EnsekMethods.closeBrowser(EnsekMethods.java:72)
at assignments.EnsekMethods.closeBrowser(EnsekMethods.java:72)
at assignments.EnsekMethods.closeBrowser(EnsekMethods.java:72)
at assignments.EnsekMethods.closeBrowser(EnsekMethods.java:72)
at assignments.EnsekMethods.closeBrowser(EnsekMethods.java:72)
at assignments.EnsekMethods.closeBrowser(EnsekMethods.java:72)
at assignments.EnsekMethods.closeBrowser(EnsekMethods.java:72)
at assignments.EnsekMethods.closeBrowser(EnsekMethods.java:72)
at assignments.EnsekMethods.closeBrowser(EnsekMethods.java:72)
at assignments.EnsekMethods.closeBrowser(EnsekMethods.java:72)
at assignments.EnsekMethods.closeBrowser(EnsekMethods.java:72)
at assignments.EnsekMethods.closeBrowser(EnsekMethods.java:72)
at assignments.EnsekMethods.closeBrowser(EnsekMethods.java:72)
at assignments.EnsekMethods.closeBrowser(EnsekMethods.java:72)
at assignments.EnsekMethods.closeBrowser(EnsekMethods.java:72)
at assignments.EnsekMethods.closeBrowser(EnsekMethods.java:72)
at assignments.EnsekMethods.closeBrowser(EnsekMethods.java:72)
at assignments.EnsekMethods.closeBrowser(EnsekMethods.java:72)
at assignments.EnsekMethods.closeBrowser(EnsekMethods.java:72)
at assignments.EnsekMethods.closeBrowser(EnsekMethods.java:72)
at assignments.EnsekMethods.closeBrowser(EnsekMethods.java:72)
at assignments.EnsekMethods.closeBrowser(EnsekMethods.java:72)
at assignments.EnsekMethods.closeBrowser(EnsekMethods.java:72)
at assignments.EnsekMethods.closeBrowser(EnsekMethods.java:72)
at assignments.EnsekMethods.closeBrowser(EnsekMethods.java:72)
at assignments.EnsekMethods.closeBrowser(EnsekMethods.java:72)
at assignments.EnsekMethods.closeBrowser(EnsekMethods.java:72)
at assignments.EnsekMethods.closeBrowser(EnsekMethods.java:72)
at assignments.EnsekMethods.closeBrowser(EnsekMethods.java:72)
at assignments.EnsekMethods.closeBrowser(EnsekMethods.java:72)
at assignments.EnsekMethods.closeBrowser(EnsekMethods.java:72)
at assignments.EnsekMethods.closeBrowser(EnsekMethods.java:72)
at assignments.EnsekMethods.closeBrowser(EnsekMethods.java:72)
at assignments.EnsekMethods.closeBrowser(EnsekMethods.java:72)
at assignments.EnsekMethods.closeBrowser(EnsekMethods.java:72)
at assignments.EnsekMethods.closeBrowser(EnsekMethods.java:72)
at assignments.EnsekMethods.closeBrowser(EnsekMethods.java:72)
at assignments.EnsekMethods.closeBrowser(EnsekMethods.java:72)
at assignments.EnsekMethods.closeBrowser(EnsekMethods.java:72)
at assignments.EnsekMethods.closeBrowser(EnsekMethods.java:72)
at assignments.EnsekMethods.closeBrowser(EnsekMethods.java:72)
at assignments.EnsekMethods.closeBrowser(EnsekMethods.java:72)
at assignments.EnsekMethods.closeBrowser(EnsekMethods.java:72)
at assignments.EnsekMethods.closeBrowser(EnsekMethods.java:72)
at assignments.EnsekMethods.closeBrowser(EnsekMethods.java:72)
at assignments.EnsekMethods.closeBrowser(EnsekMethods.java:72)
at assignments.EnsekMethods.closeBrowser(EnsekMethods.java:72)
at assignments.EnsekMethods.closeBrowser(EnsekMethods.java:72)
at assignments.EnsekMethods.closeBrowser(EnsekMethods.java:72)
at assignments.EnsekMethods.closeBrowser(EnsekMethods.java:72)
at assignments.EnsekMethods.closeBrowser(EnsekMethods.java:72)
at assignments.EnsekMethods.closeBrowser(EnsekMethods.java:72)
at assignments.EnsekMethods.closeBrowser(EnsekMethods.java:72)
at assignments.EnsekMethods.closeBrowser(EnsekMethods.java:72)
at assignments.EnsekMethods.closeBrowser(EnsekMethods.java:72)
at assignments.EnsekMethods.closeBrowser(EnsekMethods.java:72)
at assignments.EnsekMethods.closeBrowser(EnsekMethods.java:72)
at assignments.EnsekMethods.closeBrowser(EnsekMethods.java:72)
at assignments.EnsekMethods.closeBrowser(EnsekMethods.java:72)
at assignments.EnsekMethods.closeBrowser(EnsekMethods.java:72)
at assignments.EnsekMethods.closeBrowser(EnsekMethods.java:72)
at assignments.EnsekMethods.closeBrowser(EnsekMethods.java:72)
at assignments.EnsekMethods.closeBrowser(EnsekMethods.java:72)
at assignments.EnsekMethods.closeBrowser(EnsekMethods.java:72)
at assignments.EnsekMethods.closeBrowser(EnsekMethods.java:72)
at assignments.EnsekMethods.closeBrowser(EnsekMethods.java:72)
at assignments.EnsekMethods.closeBrowser(EnsekMethods.java:72)
at assignments.EnsekMethods.closeBrowser(EnsekMethods.java:72)
at assignments.EnsekMethods.closeBrowser(EnsekMethods.java:72)
at assignments.EnsekMethods.closeBrowser(EnsekMethods.java:72)
at assignments.EnsekMethods.closeBrowser(EnsekMethods.java:72)
at assignments.EnsekMethods.closeBrowser(EnsekMethods.java:72)
at assignments.EnsekMethods.closeBrowser(EnsekMethods.java:72)
at assignments.EnsekMethods.closeBrowser(EnsekMethods.java:72)
at assignments.EnsekMethods.closeBrowser(EnsekMethods.java:72)
at assignments.EnsekMethods.closeBrowser(EnsekMethods.java:72)
at assignments.EnsekMethods.closeBrowser(EnsekMethods.java:72)
at assignments.EnsekMethods.closeBrowser(EnsekMethods.java:72)
at assignments.EnsekMethods.closeBrowser(EnsekMethods.java:72)
at assignments.EnsekMethods.closeBrowser(EnsekMethods.java:72)
at assignments.EnsekMethods.closeBrowser(EnsekMethods.java:72)
at assignments.EnsekMethods.closeBrowser(EnsekMethods.java:72)
at assignments.EnsekMethods.closeBrowser(EnsekMethods.java:72)
at assignments.EnsekMethods.closeBrowser(EnsekMethods.java:72)
at assignments.EnsekMethods.closeBrowser(EnsekMethods.java:72)
at assignments.EnsekMethods.closeBrowser(EnsekMethods.java:72)
at assignments.EnsekMethods.closeBrowser(EnsekMethods.java:72)
at assignments.EnsekMethods.closeBrowser(EnsekMethods.java:72)
at assignments.EnsekMethods.closeBrowser(EnsekMethods.java:72)
at assignments.EnsekMethods.closeBrowser(EnsekMethods.java:72)
at assignments.EnsekMethods.closeBrowser(EnsekMethods.java:72)
at assignments.EnsekMethods.closeBrowser(EnsekMethods.java:72)
at assignments.EnsekMethods.closeBrowser(EnsekMethods.java:72)
at assignments.EnsekMethods.closeBrowser(EnsekMethods.java:72)
at assignments.EnsekMethods.closeBrowser(EnsekMethods.java:72)
at assignments.EnsekMethods.closeBrowser(EnsekMethods.java:72)
at assignments.EnsekMethods.closeBrowser(EnsekMethods.java:72)
at assignments.EnsekMethods.closeBrowser(EnsekMethods.java:72)
at assignments.EnsekMethods.closeBrowser(EnsekMethods.java:72)
at assignments.EnsekMethods.closeBrowser(EnsekMethods.java:72)
at assignments.EnsekMethods.closeBrowser(EnsekMethods.java:72)
at assignments.EnsekMethods.closeBrowser(EnsekMethods.java:72)
at assignments.EnsekMethods.closeBrowser(EnsekMethods.java:72)
at assignments.EnsekMethods.closeBrowser(EnsekMethods.java:72)
at assignments.EnsekMethods.closeBrowser(EnsekMethods.java:72)
at assignments.EnsekMethods.closeBrowser(EnsekMethods.java:72)
at assignments.EnsekMethods.closeBrowser(EnsekMethods.java:72)
at assignments.EnsekMethods.closeBrowser(EnsekMethods.java:72)
at assignments.EnsekMethods.closeBrowser(EnsekMethods.java:72)
at assignments.EnsekMethods.closeBrowser(EnsekMethods.java:72)
at assignments.EnsekMethods.closeBrowser(EnsekMethods.java:72)
at assignments.EnsekMethods.closeBrowser(EnsekMethods.java:72)
at assignments.EnsekMethods.closeBrowser(EnsekMethods.java:72)
at assignments.EnsekMethods.closeBrowser(EnsekMethods.java:72)
at assignments.EnsekMethods.closeBrowser(EnsekMethods.java:72)
at assignments.EnsekMethods.closeBrowser(EnsekMethods.java:72)
at assignments.EnsekMethods.closeBrowser(EnsekMethods.java:72)
at assignments.EnsekMethods.closeBrowser(EnsekMethods.java:72)
at assignments.EnsekMethods.closeBrowser(EnsekMethods.java:72)
at assignments.EnsekMethods.closeBrowser(EnsekMethods.java:72)
at assignments.EnsekMethods.closeBrowser(EnsekMethods.java:72)
at assignments.EnsekMethods.closeBrowser(EnsekMethods.java:72)
at assignments.EnsekMethods.closeBrowser(EnsekMethods.java:72)
at assignments.EnsekMethods.closeBrowser(EnsekMethods.java:72)
at assignments.EnsekMethods.closeBrowser(EnsekMethods.java:72)
at assignments.EnsekMethods.closeBrowser(EnsekMethods.java:72)
at assignments.EnsekMethods.closeBrowser(EnsekMethods.java:72)
at assignments.EnsekMethods.closeBrowser(EnsekMethods.java:72)
at assignments.EnsekMethods.closeBrowser(EnsekMethods.java:72)
at assignments.EnsekMethods.closeBrowser(EnsekMethods.java:72)
at assignments.EnsekMethods.closeBrowser(EnsekMethods.java:72)
at assignments.EnsekMethods.closeBrowser(EnsekMethods.java:72)
at assignments.EnsekMethods.closeBrowser(EnsekMethods.java:72)
at assignments.EnsekMethods.closeBrowser(EnsekMethods.java:72)
at assignments.EnsekMethods.closeBrowser(EnsekMethods.java:72)
at assignments.EnsekMethods.closeBrowser(EnsekMethods.java:72)
at assignments.EnsekMethods.closeBrowser(EnsekMethods.java:72)
at assignments.EnsekMethods.closeBrowser(EnsekMethods.java:72)
at assignments.EnsekMethods.closeBrowser(EnsekMethods.java:72)
at assignments.EnsekMethods.closeBrowser(EnsekMethods.java:72)
at assignments.EnsekMethods.closeBrowser(EnsekMethods.java:72)
at assignments.EnsekMethods.closeBrowser(EnsekMethods.java:72)
at assignments.EnsekMethods.closeBrowser(EnsekMethods.java:72)
at assignments.EnsekMethods.closeBrowser(EnsekMethods.java:72)
at assignments.EnsekMethods.closeBrowser(EnsekMethods.java:72)
at assignments.EnsekMethods.closeBrowser(EnsekMethods.java:72)
at assignments.EnsekMethods.closeBrowser(EnsekMethods.java:72)
at assignments.EnsekMethods.closeBrowser(EnsekMethods.java:72)
at assignments.EnsekMethods.closeBrowser(EnsekMethods.java:72)
at assignments.EnsekMethods.closeBrowser(EnsekMethods.java:72)
at assignments.EnsekMethods.closeBrowser(EnsekMethods.java:72)
at assignments.EnsekMethods.closeBrowser(EnsekMethods.java:72)
at assignments.EnsekMethods.closeBrowser(EnsekMethods.java:72)
at assignments.EnsekMethods.closeBrowser(EnsekMethods.java:72)
at assignments.EnsekMethods.closeBrowser(EnsekMethods.java:72)
at assignments.EnsekMethods.closeBrowser(EnsekMethods.java:72)
at assignments.EnsekMethods.closeBrowser(EnsekMethods.java:72)
at assignments.EnsekMethods.closeBrowser(EnsekMethods.java:72)
at assignments.EnsekMethods.closeBrowser(EnsekMethods.java:72)
at assignments.EnsekMethods.closeBrowser(EnsekMethods.java:72)
at assignments.EnsekMethods.closeBrowser(EnsekMethods.java:72)
at assignments.EnsekMethods.closeBrowser(EnsekMethods.java:72)
at assignments.EnsekMethods.closeBrowser(EnsekMethods.java:72)
at assignments.EnsekMethods.closeBrowser(EnsekMethods.java:72)
at assignments.EnsekMethods.closeBrowser(EnsekMethods.java:72)
at assignments.EnsekMethods.closeBrowser(EnsekMethods.java:72)
at assignments.EnsekMethods.closeBrowser(EnsekMethods.java:72)
at assignments.EnsekMethods.closeBrowser(EnsekMethods.java:72)
at assignments.EnsekMethods.closeBrowser(EnsekMethods.java:72)
at assignments.EnsekMethods.closeBrowser(EnsekMethods.java:72)
at assignments.EnsekMethods.closeBrowser(EnsekMethods.java:72)
at assignments.EnsekMethods.closeBrowser(EnsekMethods.java:72)
at assignments.EnsekMethods.closeBrowser(EnsekMethods.java:72)
at assignments.EnsekMethods.closeBrowser(EnsekMethods.java:72)
at assignments.EnsekMethods.closeBrowser(EnsekMethods.java:72)
at assignments.EnsekMethods.closeBrowser(EnsekMethods.java:72)
at assignments.EnsekMethods.closeBrowser(EnsekMethods.java:72)
at assignments.EnsekMethods.closeBrowser(EnsekMethods.java:72)
at assignments.EnsekMethods.closeBrowser(EnsekMethods.java:72)
at assignments.EnsekMethods.closeBrowser(EnsekMethods.java:72)
at assignments.EnsekMethods.closeBrowser(EnsekMethods.java:72)
at assignments.EnsekMethods.closeBrowser(EnsekMethods.java:72)
at assignments.EnsekMethods.closeBrowser(EnsekMethods.java:72)
at assignments.EnsekMethods.closeBrowser(EnsekMethods.java:72)
at assignments.EnsekMethods.closeBrowser(EnsekMethods.java:72)
at assignments.EnsekMethods.closeBrowser(EnsekMethods.java:72)
at assignments.EnsekMethods.closeBrowser(EnsekMethods.java:72)
at assignments.EnsekMethods.closeBrowser(EnsekMethods.java:72)
at assignments.EnsekMethods.closeBrowser(EnsekMethods.java:72)
at assignments.EnsekMethods.closeBrowser(EnsekMethods.java:72)
at assignments.EnsekMethods.closeBrowser(EnsekMethods.java:72)
at assignments.EnsekMethods.closeBrowser(EnsekMethods.java:72)
at assignments.EnsekMethods.closeBrowser(EnsekMethods.java:72)
at assignments.EnsekMethods.closeBrowser(EnsekMethods.java:72)
at assignments.EnsekMethods.closeBrowser(EnsekMethods.java:72)
at assignments.EnsekMethods.closeBrowser(EnsekMethods.java:72)
at assignments.EnsekMethods.closeBrowser(EnsekMethods.java:72)
at assignments.EnsekMethods.closeBrowser(EnsekMethods.java:72)
at assignments.EnsekMethods.closeBrowser(EnsekMethods.java:72)
at assignments.EnsekMethods.closeBrowser(EnsekMethods.java:72)
at assignments.EnsekMethods.closeBrowser(EnsekMethods.java:72)
at assignments.EnsekMethods.closeBrowser(EnsekMethods.java:72)
at assignments.EnsekMethods.closeBrowser(EnsekMethods.java:72)
at assignments.EnsekMethods.closeBrowser(EnsekMethods.java:72)
at assignments.EnsekMethods.closeBrowser(EnsekMethods.java:72)
at assignments.EnsekMethods.closeBrowser(EnsekMethods.java:72)
at assignments.EnsekMethods.closeBrowser(EnsekMethods.java:72)
at assignments.EnsekMethods.closeBrowser(EnsekMethods.java:72)
at assignments.EnsekMethods.closeBrowser(EnsekMethods.java:72)
at assignments.EnsekMethods.closeBrowser(EnsekMethods.java:72)
at assignments.EnsekMethods.closeBrowser(EnsekMethods.java:72)
at assignments.EnsekMethods.closeBrowser(EnsekMethods.java:72)
at assignments.EnsekMethods.closeBrowser(EnsekMethods.java:72)
at assignments.EnsekMethods.closeBrowser(EnsekMethods.java:72)
at assignments.EnsekMethods.closeBrowser(EnsekMethods.java:72)
at assignments.EnsekMethods.closeBrowser(EnsekMethods.java:72)
at assignments.EnsekMethods.closeBrowser(EnsekMethods.java:72)
at assignments.EnsekMethods.closeBrowser(EnsekMethods.java:72)
at assignments.EnsekMethods.closeBrowser(EnsekMethods.java:72)
at assignments.EnsekMethods.closeBrowser(EnsekMethods.java:72)
at assignments.EnsekMethods.closeBrowser(EnsekMethods.java:72)
at assignments.EnsekMethods.closeBrowser(EnsekMethods.java:72)
at assignments.EnsekMethods.closeBrowser(EnsekMethods.java:72)
at assignments.EnsekMethods.closeBrowser(EnsekMethods.java:72)
at assignments.EnsekMethods.closeBrowser(EnsekMethods.java:72)
at assignments.EnsekMethods.closeBrowser(EnsekMethods.java:72)
at assignments.EnsekMethods.closeBrowser(EnsekMethods.java:72)
at assignments.EnsekMethods.closeBrowser(EnsekMethods.java:72)
at assignments.EnsekMethods.closeBrowser(EnsekMethods.java:72)
at assignments.EnsekMethods.closeBrowser(EnsekMethods.java:72)
at assignments.EnsekMethods.closeBrowser(EnsekMethods.java:72)
at assignments.EnsekMethods.closeBrowser(EnsekMethods.java:72)
at assignments.EnsekMethods.closeBrowser(EnsekMethods.java:72)
at assignments.EnsekMethods.closeBrowser(EnsekMethods.java:72)
at assignments.EnsekMethods.closeBrowser(EnsekMethods.java:72)
at assignments.EnsekMethods.closeBrowser(EnsekMethods.java:72)
at assignments.EnsekMethods.closeBrowser(EnsekMethods.java:72)
at assignments.EnsekMethods.closeBrowser(EnsekMethods.java:72)
at assignments.EnsekMethods.closeBrowser(EnsekMethods.java:72)
at assignments.EnsekMethods.closeBrowser(EnsekMethods.java:72)
at assignments.EnsekMethods.closeBrowser(EnsekMethods.java:72)
at assignments.EnsekMethods.closeBrowser(EnsekMethods.java:72)
at assignments.EnsekMethods.closeBrowser(EnsekMethods.java:72)
at assignments.EnsekMethods.closeBrowser(EnsekMethods.java:72)
at assignments.EnsekMethods.closeBrowser(EnsekMethods.java:72)
at assignments.EnsekMethods.closeBrowser(EnsekMethods.java:72)
at assignments.EnsekMethods.closeBrowser(EnsekMethods.java:72)
at assignments.EnsekMethods.closeBrowser(EnsekMethods.java:72)
at assignments.EnsekMethods.closeBrowser(EnsekMethods.java:72)
at assignments.EnsekMethods.closeBrowser(EnsekMethods.java:72)
at assignments.EnsekMethods.closeBrowser(EnsekMethods.java:72)
at assignments.EnsekMethods.closeBrowser(EnsekMethods.java:72)
at assignments.EnsekMethods.closeBrowser(EnsekMethods.java:72)
at assignments.EnsekMethods.closeBrowser(EnsekMethods.java:72)
at assignments.EnsekMethods.closeBrowser(EnsekMethods.java:72)
at assignments.EnsekMethods.closeBrowser(EnsekMethods.java:72)
at assignments.EnsekMethods.closeBrowser(EnsekMethods.java:72)
at assignments.EnsekMethods.closeBrowser(EnsekMethods.java:72)
at assignments.EnsekMethods.closeBrowser(EnsekMethods.java:72)
at assignments.EnsekMethods.closeBrowser(EnsekMethods.java:72)
at assignments.EnsekMethods.closeBrowser(EnsekMethods.java:72)
at assignments.EnsekMethods.closeBrowser(EnsekMethods.java:72)
at assignments.EnsekMethods.closeBrowser(EnsekMethods.java:72)
at assignments.EnsekMethods.closeBrowser(EnsekMethods.java:72)
at assignments.EnsekMethods.closeBrowser(EnsekMethods.java:72)
at assignments.EnsekMethods.closeBrowser(EnsekMethods.java:72)
at assignments.EnsekMethods.closeBrowser(EnsekMethods.java:72)
at assignments.EnsekMethods.closeBrowser(EnsekMethods.java:72)
at assignments.EnsekMethods.closeBrowser(EnsekMethods.java:72)
at assignments.EnsekMethods.closeBrowser(EnsekMethods.java:72)
at assignments.EnsekMethods.closeBrowser(EnsekMethods.java:72)
at assignments.EnsekMethods.closeBrowser(EnsekMethods.java:72)
at assignments.EnsekMethods.closeBrowser(EnsekMethods.java:72)
at assignments.EnsekMethods.closeBrowser(EnsekMethods.java:72)
at assignments.EnsekMethods.closeBrowser(EnsekMethods.java:72)
at assignments.EnsekMethods.closeBrowser(EnsekMethods.java:72)
at assignments.EnsekMethods.closeBrowser(EnsekMethods.java:72)
at assignments.EnsekMethods.closeBrowser(EnsekMethods.java:72)
at assignments.EnsekMethods.closeBrowser(EnsekMethods.java:72)
at assignments.EnsekMethods.closeBrowser(EnsekMethods.java:72)
at assignments.EnsekMethods.closeBrowser(EnsekMethods.java:72)
at assignments.EnsekMethods.closeBrowser(EnsekMethods.java:72)
at assignments.EnsekMethods.closeBrowser(EnsekMethods.java:72)
at assignments.EnsekMethods.closeBrowser(EnsekMethods.java:72)
at assignments.EnsekMethods.closeBrowser(EnsekMethods.java:72)
at assignments.EnsekMethods.closeBrowser(EnsekMethods.java:72)
at assignments.EnsekMethods.closeBrowser(EnsekMethods.java:72)
at assignments.EnsekMethods.closeBrowser(EnsekMethods.java:72)
at assignments.EnsekMethods.closeBrowser(EnsekMethods.java:72)
at assignments.EnsekMethods.closeBrowser(EnsekMethods.java:72)
at assignments.EnsekMethods.closeBrowser(EnsekMethods.java:72)
at assignments.EnsekMethods.closeBrowser(EnsekMethods.java:72)
at assignments.EnsekMethods.closeBrowser(EnsekMethods.java:72)
at assignments.EnsekMethods.closeBrowser(EnsekMethods.java:72)
at assignments.EnsekMethods.closeBrowser(EnsekMethods.java:72)
at assignments.EnsekMethods.closeBrowser(EnsekMethods.java:72)
at assignments.EnsekMethods.closeBrowser(EnsekMethods.java:72)
at assignments.EnsekMethods.closeBrowser(EnsekMethods.java:72)
at assignments.EnsekMethods.closeBrowser(EnsekMethods.java:72)
at assignments.EnsekMethods.closeBrowser(EnsekMethods.java:72)
at assignments.EnsekMethods.closeBrowser(EnsekMethods.java:72)
at assignments.EnsekMethods.closeBrowser(EnsekMethods.java:72)
at assignments.EnsekMethods.closeBrowser(EnsekMethods.java:72)
at assignments.EnsekMethods.closeBrowser(EnsekMethods.java:72)
at assignments.EnsekMethods.closeBrowser(EnsekMethods.java:72)
at assignments.EnsekMethods.closeBrowser(EnsekMethods.java:72)
at assignments.EnsekMethods.closeBrowser(EnsekMethods.java:72)
at assignments.EnsekMethods.closeBrowser(EnsekMethods.java:72)
at assignments.EnsekMethods.closeBrowser(EnsekMethods.java:72)
at assignments.EnsekMethods.closeBrowser(EnsekMethods.java:72)
at assignments.EnsekMethods.closeBrowser(EnsekMethods.java:72)
at assignments.EnsekMethods.closeBrowser(EnsekMethods.java:72)
at assignments.EnsekMethods.closeBrowser(EnsekMethods.java:72)
at assignments.EnsekMethods.closeBrowser(EnsekMethods.java:72)
at assignments.EnsekMethods.closeBrowser(EnsekMethods.java:72)
at assignments.EnsekMethods.closeBrowser(EnsekMethods.java:72)
at assignments.EnsekMethods.closeBrowser(EnsekMethods.java:72)
at assignments.EnsekMethods.closeBrowser(EnsekMethods.java:72)
at assignments.EnsekMethods.closeBrowser(EnsekMethods.java:72)
at assignments.EnsekMethods.closeBrowser(EnsekMethods.java:72)
at assignments.EnsekMethods.closeBrowser(EnsekMethods.java:72)
at assignments.EnsekMethods.closeBrowser(EnsekMethods.java:72)
at assignments.EnsekMethods.closeBrowser(EnsekMethods.java:72)
at assignments.EnsekMethods.closeBrowser(EnsekMethods.java:72)
at assignments.EnsekMethods.closeBrowser(EnsekMethods.java:72)
at assignments.EnsekMethods.closeBrowser(EnsekMethods.java:72)
at assignments.EnsekMethods.closeBrowser(EnsekMethods.java:72)
at assignments.EnsekMethods.closeBrowser(EnsekMethods.java:72)
at assignments.EnsekMethods.closeBrowser(EnsekMethods.java:72)
at assignments.EnsekMethods.closeBrowser(EnsekMethods.java:72)
at assignments.EnsekMethods.closeBrowser(EnsekMethods.java:72)
at assignments.EnsekMethods.closeBrowser(EnsekMethods.java:72)
at assignments.EnsekMethods.closeBrowser(EnsekMethods.java:72)
at assignments.EnsekMethods.closeBrowser(EnsekMethods.java:72)
at assignments.EnsekMethods.closeBrowser(EnsekMethods.java:72)
at assignments.EnsekMethods.closeBrowser(EnsekMethods.java:72)
at assignments.EnsekMethods.closeBrowser(EnsekMethods.java:72)
at assignments.EnsekMethods.closeBrowser(EnsekMethods.java:72)
at assignments.EnsekMethods.closeBrowser(EnsekMethods.java:72)
at assignments.EnsekMethods.closeBrowser(EnsekMethods.java:72)
at assignments.EnsekMethods.closeBrowser(EnsekMethods.java:72)
at assignments.EnsekMethods.closeBrowser(EnsekMethods.java:72)
at assignments.EnsekMethods.closeBrowser(EnsekMethods.java:72)
at assignments.EnsekMethods.closeBrowser(EnsekMethods.java:72)
at assignments.EnsekMethods.closeBrowser(EnsekMethods.java:72)
at assignments.EnsekMethods.closeBrowser(EnsekMethods.java:72)
at assignments.EnsekMethods.closeBrowser(EnsekMethods.java:72)
at assignments.EnsekMethods.closeBrowser(EnsekMethods.java:72)
at assignments.EnsekMethods.closeBrowser(EnsekMethods.java:72)
at assignments.EnsekMethods.closeBrowser(EnsekMethods.java:72)
at assignments.EnsekMethods.closeBrowser(EnsekMethods.java:72)
at assignments.EnsekMethods.closeBrowser(EnsekMethods.java:72)
at assignments.EnsekMethods.closeBrowser(EnsekMethods.java:72)
at assignments.EnsekMethods.closeBrowser(EnsekMethods.java:72)
at assignments.EnsekMethods.closeBrowser(EnsekMethods.java:72)
at assignments.EnsekMethods.closeBrowser(EnsekMethods.java:72)
at assignments.EnsekMethods.closeBrowser(EnsekMethods.java:72)
at assignments.EnsekMethods.closeBrowser(EnsekMethods.java:72)
at assignments.EnsekMethods.closeBrowser(EnsekMethods.java:72)
at assignments.EnsekMethods.closeBrowser(EnsekMethods.java:72)
at assignments.EnsekMethods.closeBrowser(EnsekMethods.java:72)
at assignments.EnsekMethods.closeBrowser(EnsekMethods.java:72)
at assignments.EnsekMethods.closeBrowser(EnsekMethods.java:72)
at assignments.EnsekMethods.closeBrowser(EnsekMethods.java:72)
at assignments.EnsekMethods.closeBrowser(EnsekMethods.java:72)
at assignments.EnsekMethods.closeBrowser(EnsekMethods.java:72)
at assignments.EnsekMethods.closeBrowser(EnsekMethods.java:72)
at assignments.EnsekMethods.closeBrowser(EnsekMethods.java:72)
at assignments.EnsekMethods.closeBrowser(EnsekMethods.java:72)
at assignments.EnsekMethods.closeBrowser(EnsekMethods.java:72)
at assignments.EnsekMethods.closeBrowser(EnsekMethods.java:72)
at assignments.EnsekMethods.closeBrowser(EnsekMethods.java:72)
at assignments.EnsekMethods.closeBrowser(EnsekMethods.java:72)
at assignments.EnsekMethods.closeBrowser(EnsekMethods.java:72)
at assignments.EnsekMethods.closeBrowser(EnsekMethods.java:72)
at assignments.EnsekMethods.closeBrowser(EnsekMethods.java:72)
at assignments.EnsekMethods.closeBrowser(EnsekMethods.java:72)
at assignments.EnsekMethods.closeBrowser(EnsekMethods.java:72)
at assignments.EnsekMethods.closeBrowser(EnsekMethods.java:72)
at assignments.EnsekMethods.closeBrowser(EnsekMethods.java:72)
at assignments.EnsekMethods.closeBrowser(EnsekMethods.java:72)
at assignments.EnsekMethods.closeBrowser(EnsekMethods.java:72)
at assignments.EnsekMethods.closeBrowser(EnsekMethods.java:72)
at assignments.EnsekMethods.closeBrowser(EnsekMethods.java:72)
at assignments.EnsekMethods.closeBrowser(EnsekMethods.java:72)
at assignments.EnsekMethods.closeBrowser(EnsekMethods.java:72)
at assignments.EnsekMethods.closeBrowser(EnsekMethods.java:72)
at assignments.EnsekMethods.closeBrowser(EnsekMethods.java:72)
at assignments.EnsekMethods.closeBrowser(EnsekMethods.java:72)
at assignments.EnsekMethods.closeBrowser(EnsekMethods.java:72)
at assignments.EnsekMethods.closeBrowser(EnsekMethods.java:72)
at assignments.EnsekMethods.closeBrowser(EnsekMethods.java:72)
at assignments.EnsekMethods.closeBrowser(EnsekMethods.java:72)
at assignments.EnsekMethods.closeBrowser(EnsekMethods.java:72)
at assignments.EnsekMethods.closeBrowser(EnsekMethods.java:72)
at assignments.EnsekMethods.closeBrowser(EnsekMethods.java:72)
at assignments.EnsekMethods.closeBrowser(EnsekMethods.java:72)
at assignments.EnsekMethods.closeBrowser(EnsekMethods.java:72)
at assignments.EnsekMethods.closeBrowser(EnsekMethods.java:72)
at assignments.EnsekMethods.closeBrowser(EnsekMethods.java:72)
at assignments.EnsekMethods.closeBrowser(EnsekMethods.java:72)
at assignments.EnsekMethods.closeBrowser(EnsekMethods.java:72)
at assignments.EnsekMethods.closeBrowser(EnsekMethods.java:72)
at assignments.EnsekMethods.closeBrowser(EnsekMethods.java:72)
at assignments.EnsekMethods.closeBrowser(EnsekMethods.java:72)
at assignments.EnsekMethods.closeBrowser(EnsekMethods.java:72)
at assignments.EnsekMethods.closeBrowser(EnsekMethods.java:72)
at assignments.EnsekMethods.closeBrowser(EnsekMethods.java:72)
at assignments.EnsekMethods.closeBrowser(EnsekMethods.java:72)
at assignments.EnsekMethods.closeBrowser(EnsekMethods.java:72)
at assignments.EnsekMethods.closeBrowser(EnsekMethods.java:72)
at assignments.EnsekMethods.closeBrowser(EnsekMethods.java:72)
at assignments.EnsekMethods.closeBrowser(EnsekMethods.java:72)
at assignments.EnsekMethods.closeBrowser(EnsekMethods.java:72)
at assignments.EnsekMethods.closeBrowser(EnsekMethods.java:72)
at assignments.EnsekMethods.closeBrowser(EnsekMethods.java:72)
at assignments.EnsekMethods.closeBrowser(EnsekMethods.java:72)
at assignments.EnsekMethods.closeBrowser(EnsekMethods.java:72)
at assignments.EnsekMethods.closeBrowser(EnsekMethods.java:72)
at assignments.EnsekMethods.closeBrowser(EnsekMethods.java:72)
at assignments.EnsekMethods.closeBrowser(EnsekMethods.java:72)
at assignments.EnsekMethods.closeBrowser(EnsekMethods.java:72)
at assignments.EnsekMethods.closeBrowser(EnsekMethods.java:72)
at assignments.EnsekMethods.closeBrowser(EnsekMethods.java:72)
at assignments.EnsekMethods.closeBrowser(EnsekMethods.java:72)
at assignments.EnsekMethods.closeBrowser(EnsekMethods.java:72)
at assignments.EnsekMethods.closeBrowser(EnsekMethods.java:72)
at assignments.EnsekMethods.closeBrowser(EnsekMethods.java:72)
at assignments.EnsekMethods.closeBrowser(EnsekMethods.java:72)
at assignments.EnsekMethods.closeBrowser(EnsekMethods.java:72)
at assignments.EnsekMethods.closeBrowser(EnsekMethods.java:72)
at assignments.EnsekMethods.closeBrowser(EnsekMethods.java:72)
at assignments.EnsekMethods.closeBrowser(EnsekMethods.java:72)
at assignments.EnsekMethods.closeBrowser(EnsekMethods.java:72)
at assignments.EnsekMethods.closeBrowser(EnsekMethods.java:72)
at assignments.EnsekMethods.closeBrowser(EnsekMethods.java:72)
at assignments.EnsekMethods.closeBrowser(EnsekMethods.java:72)
at assignments.EnsekMethods.closeBrowser(EnsekMethods.java:72)
at assignments.EnsekMethods.closeBrowser(EnsekMethods.java:72)
at assignments.EnsekMethods.closeBrowser(EnsekMethods.java:72)
at assignments.EnsekMethods.closeBrowser(EnsekMethods.java:72)
at assignments.EnsekMethods.closeBrowser(EnsekMethods.java:72)
at assignments.EnsekMethods.closeBrowser(EnsekMethods.java:72)
at assignments.EnsekMethods.closeBrowser(EnsekMethods.java:72)
at assignments.EnsekMethods.closeBrowser(EnsekMethods.java:72)
at assignments.EnsekMethods.closeBrowser(EnsekMethods.java:72)
at assignments.EnsekMethods.closeBrowser(EnsekMethods.java:72)
at assignments.EnsekMethods.closeBrowser(EnsekMethods.java:72)
at assignments.EnsekMethods.closeBrowser(EnsekMethods.java:72)
at assignments.EnsekMethods.closeBrowser(EnsekMethods.java:72)
at assignments.EnsekMethods.closeBrowser(EnsekMethods.java:72)
at assignments.EnsekMethods.closeBrowser(EnsekMethods.java:72)
at assignments.EnsekMethods.closeBrowser(EnsekMethods.java:72)
at assignments.EnsekMethods.closeBrowser(EnsekMethods.java:72)
at assignments.EnsekMethods.closeBrowser(EnsekMethods.java:72)
at assignments.EnsekMethods.closeBrowser(EnsekMethods.java:72)
at assignments.EnsekMethods.closeBrowser(EnsekMethods.java:72)
at assignments.EnsekMethods.closeBrowser(EnsekMethods.java:72)
at assignments.EnsekMethods.closeBrowser(EnsekMethods.java:72)
at assignments.EnsekMethods.closeBrowser(EnsekMethods.java:72)
at assignments.EnsekMethods.closeBrowser(EnsekMethods.java:72)
at assignments.EnsekMethods.closeBrowser(EnsekMethods.java:72)
at assignments.EnsekMethods.closeBrowser(EnsekMethods.java:72)
at assignments.EnsekMethods.closeBrowser(EnsekMethods.java:72)
at assignments.EnsekMethods.closeBrowser(EnsekMethods.java:72)
at assignments.EnsekMethods.closeBrowser(EnsekMethods.java:72)
at assignments.EnsekMethods.closeBrowser(EnsekMethods.java:72)
at assignments.EnsekMethods.closeBrowser(EnsekMethods.java:72)
at assignments.EnsekMethods.closeBrowser(EnsekMethods.java:72)
at assignments.EnsekMethods.closeBrowser(EnsekMethods.java:72)
at assignments.EnsekMethods.closeBrowser(EnsekMethods.java:72)
at assignments.EnsekMethods.closeBrowser(EnsekMethods.java:72)
at assignments.EnsekMethods.closeBrowser(EnsekMethods.java:72)
at assignments.EnsekMethods.closeBrowser(EnsekMethods.java:72)
at assignments.EnsekMethods.closeBrowser(EnsekMethods.java:72)
at assignments.EnsekMethods.closeBrowser(EnsekMethods.java:72)
at assignments.EnsekMethods.closeBrowser(EnsekMethods.java:72)
at assignments.EnsekMethods.closeBrowser(EnsekMethods.java:72)
at assignments.EnsekMethods.closeBrowser(EnsekMethods.java:72)
at assignments.EnsekMethods.closeBrowser(EnsekMethods.java:72)
at assignments.EnsekMethods.closeBrowser(EnsekMethods.java:72)
at assignments.EnsekMethods.closeBrowser(EnsekMethods.java:72)
at assignments.EnsekMethods.closeBrowser(EnsekMethods.java:72)
]]>
    </failure>
  </testcase> <!-- @AfterTest closeBrowser -->
  <testcase name="BuyEnergy" time="24.955" classname="assignments.BuyEnergyTest"/>
</testsuite> <!-- Default test -->
