<?xml version="1.0" encoding="UTF-8"?>
<testng-results skipped="0" failed="0" ignored="0" total="1" passed="1">
  <reporter-output>
  </reporter-output>
  <suite name="Default suite" duration-ms="71901" started-at="2022-08-21T12:20:46Z" finished-at="2022-08-21T12:21:58Z">
    <groups>
    </groups>
    <test name="Default test" duration-ms="71901" started-at="2022-08-21T12:20:46Z" finished-at="2022-08-21T12:21:58Z">
      <class name="assignments.BuyEnergyTest">
        <test-method status="PASS" signature="launchUrl()[pri:0, instance:assignments.BuyEnergyTest@3e9b1010]" name="launchUrl" is-config="true" duration-ms="43729" started-at="2022-08-21T12:20:46Z" finished-at="2022-08-21T12:21:30Z">
          <reporter-output>
          </reporter-output>
        </test-method> <!-- launchUrl -->
        <test-method status="PASS" signature="BuyEnergy()[pri:0, instance:assignments.BuyEnergyTest@3e9b1010]" name="BuyEnergy" duration-ms="24955" started-at="2022-08-21T12:21:30Z" finished-at="2022-08-21T12:21:55Z">
          <reporter-output>
          </reporter-output>
        </test-method> <!-- BuyEnergy -->
        <test-method status="FAIL" signature="closeBrowser()[pri:0, instance:assignments.BuyEnergyTest@3e9b1010]" name="closeBrowser" is-config="true" duration-ms="3036" started-at="2022-08-21T12:21:55Z" finished-at="2022-08-21T12:21:58Z">
          <exception class="java.lang.StackOverflowError">
            <full-stacktrace>
              <![CDATA[java.lang.StackOverflowError
at assignments.EnsekMethods.closeBrowser(EnsekMethods.java:72)
at assignments.EnsekMethods.closeBrowser(EnsekMethods.java:72)
at assignments.EnsekMethods.closeBrowser(EnsekMethods.java:72)
at assignments.EnsekMethods.closeBrowser(EnsekMethods.java:72)
at assignments.EnsekMethods.closeBrowser(EnsekMethods.java:72)
at assignments.EnsekMethods.closeBrowser(EnsekMethods.java:72)
at assignments.EnsekMethods.closeBrowser(EnsekMethods.java:72)
at assignments.EnsekMethods.closeBrowser(EnsekMethods.java:72)
at assignments.EnsekMethods.closeBrowser(EnsekMethods.java:72)
at assignments.EnsekMethods.closeBrowser(EnsekMethods.java:72)
at assignments.EnsekMethods.closeBrowser(EnsekMethods.java:72)
at assignments.EnsekMethods.closeBrowser(EnsekMethods.java:72)
at assignments.EnsekMethods.closeBrowser(EnsekMethods.java:72)
at assignments.EnsekMethods.closeBrowser(EnsekMethods.java:72)
at assignments.EnsekMethods.closeBrowser(EnsekMethods.java:72)
at assignments.EnsekMethods.closeBrowser(EnsekMethods.java:72)
at assignments.EnsekMethods.closeBrowser(EnsekMethods.java:72)
at assignments.EnsekMethods.closeBrowser(EnsekMethods.java:72)
at assignments.EnsekMethods.closeBrowser(EnsekMethods.java:72)
at assignments.EnsekMethods.closeBrowser(EnsekMethods.java:72)
at assignments.EnsekMethods.closeBrowser(EnsekMethods.java:72)
at assignments.EnsekMethods.closeBrowser(EnsekMethods.java:72)
at assignments.EnsekMethods.closeBrowser(EnsekMethods.java:72)
at assignments.EnsekMethods.closeBrowser(EnsekMethods.java:72)
at assignments.EnsekMethods.closeBrowser(EnsekMethods.java:72)
at assignments.EnsekMethods.closeBrowser(EnsekMethods.java:72)
at assignments.EnsekMethods.closeBrowser(EnsekMethods.java:72)
at assignments.EnsekMethods.closeBrowser(EnsekMethods.java:72)
at assignments.EnsekMethods.closeBrowser(EnsekMethods.java:72)
at assignments.EnsekMethods.closeBrowser(EnsekMethods.java:72)
at assignments.EnsekMethods.closeBrowser(EnsekMethods.java:72)
at assignments.EnsekMethods.closeBrowser(EnsekMethods.java:72)
at assignments.EnsekMethods.closeBrowser(EnsekMethods.java:72)
at assignments.EnsekMethods.closeBrowser(EnsekMethods.java:72)
at assignments.EnsekMethods.closeBrowser(EnsekMethods.java:72)
at assignments.EnsekMethods.closeBrowser(EnsekMethods.java:72)
at assignments.EnsekMethods.closeBrowser(EnsekMethods.java:72)
at assignments.EnsekMethods.closeBrowser(EnsekMethods.java:72)
at assignments.EnsekMethods.closeBrowser(EnsekMethods.java:72)
at assignments.EnsekMethods.closeBrowser(EnsekMethods.java:72)
at assignments.EnsekMethods.closeBrowser(EnsekMethods.java:72)
at assignments.EnsekMethods.closeBrowser(EnsekMethods.java:72)
at assignments.EnsekMethods.closeBrowser(EnsekMethods.java:72)
at assignments.EnsekMethods.closeBrowser(EnsekMethods.java:72)
at assignments.EnsekMethods.closeBrowser(EnsekMethods.java:72)
at assignments.EnsekMethods.closeBrowser(EnsekMethods.java:72)
at assignments.EnsekMethods.closeBrowser(EnsekMethods.java:72)
at assignments.EnsekMethods.closeBrowser(EnsekMethods.java:72)
at assignments.EnsekMethods.closeBrowser(EnsekMethods.java:72)
at assignments.EnsekMethods.closeBrowser(EnsekMethods.java:72)
at assignments.EnsekMethods.closeBrowser(EnsekMethods.java:72)
at assignments.EnsekMethods.closeBrowser(EnsekMethods.java:72)
at assignments.EnsekMethods.closeBrowser(EnsekMethods.java:72)
at assignments.EnsekMethods.closeBrowser(EnsekMethods.java:72)
at assignments.EnsekMethods.closeBrowser(EnsekMethods.java:72)
at assignments.EnsekMethods.closeBrowser(EnsekMethods.java:72)
at assignments.EnsekMethods.closeBrowser(EnsekMethods.java:72)
at assignments.EnsekMethods.closeBrowser(EnsekMethods.java:72)
at assignments.EnsekMethods.closeBrowser(EnsekMethods.java:72)
at assignments.EnsekMethods.closeBrowser(EnsekMethods.java:72)
at assignments.EnsekMethods.closeBrowser(EnsekMethods.java:72)
at assignments.EnsekMethods.closeBrowser(EnsekMethods.java:72)
at assignments.EnsekMethods.closeBrowser(EnsekMethods.java:72)
at assignments.EnsekMethods.closeBrowser(EnsekMethods.java:72)
at assignments.EnsekMethods.closeBrowser(EnsekMethods.java:72)
at assignments.EnsekMethods.closeBrowser(EnsekMethods.java:72)
at assignments.EnsekMethods.closeBrowser(EnsekMethods.java:72)
at assignments.EnsekMethods.closeBrowser(EnsekMethods.java:72)
at assignments.EnsekMethods.closeBrowser(EnsekMethods.java:72)
at assignments.EnsekMethods.closeBrowser(EnsekMethods.java:72)
at assignments.EnsekMethods.closeBrowser(EnsekMethods.java:72)
at assignments.EnsekMethods.closeBrowser(EnsekMethods.java:72)
at assignments.EnsekMethods.closeBrowser(EnsekMethods.java:72)
at assignments.EnsekMethods.closeBrowser(EnsekMethods.java:72)
at assignments.EnsekMethods.closeBrowser(EnsekMethods.java:72)
at assignments.EnsekMethods.closeBrowser(EnsekMethods.java:72)
at assignments.EnsekMethods.closeBrowser(EnsekMethods.java:72)
at assignments.EnsekMethods.closeBrowser(EnsekMethods.java:72)
at assignments.EnsekMethods.closeBrowser(EnsekMethods.java:72)
at assignments.EnsekMethods.closeBrowser(EnsekMethods.java:72)
at assignments.EnsekMethods.closeBrowser(EnsekMethods.java:72)
at assignments.EnsekMethods.closeBrowser(EnsekMethods.java:72)
at assignments.EnsekMethods.closeBrowser(EnsekMethods.java:72)
at assignments.EnsekMethods.closeBrowser(EnsekMethods.java:72)
at assignments.EnsekMethods.closeBrowser(EnsekMethods.java:72)
at assignments.EnsekMethods.closeBrowser(EnsekMethods.java:72)
at assignments.EnsekMethods.closeBrowser(EnsekMethods.java:72)
at assignments.EnsekMethods.closeBrowser(EnsekMethods.java:72)
at assignments.EnsekMethods.closeBrowser(EnsekMethods.java:72)
at assignments.EnsekMethods.closeBrowser(EnsekMethods.java:72)
at assignments.EnsekMethods.closeBrowser(EnsekMethods.java:72)
at assignments.EnsekMethods.closeBrowser(EnsekMethods.java:72)
at assignments.EnsekMethods.closeBrowser(EnsekMethods.java:72)
at assignments.EnsekMethods.closeBrowser(EnsekMethods.java:72)
at assignments.EnsekMethods.closeBrowser(EnsekMethods.java:72)
at assignments.EnsekMethods.closeBrowser(EnsekMethods.java:72)
at assignments.EnsekMethods.closeBrowser(EnsekMethods.java:72)
at assignments.EnsekMethods.closeBrowser(EnsekMethods.java:72)
at assignments.EnsekMethods.closeBrowser(EnsekMethods.java:72)
at assignments.EnsekMethods.closeBrowser(EnsekMethods.java:72)
at assignments.EnsekMethods.closeBrowser(EnsekMethods.java:72)
at assignments.EnsekMethods.closeBrowser(EnsekMethods.java:72)
at assignments.EnsekMethods.closeBrowser(EnsekMethods.java:72)
at assignments.EnsekMethods.closeBrowser(EnsekMethods.java:72)
at assignments.EnsekMethods.closeBrowser(EnsekMethods.java:72)
at assignments.EnsekMethods.closeBrowser(EnsekMethods.java:72)
at assignments.EnsekMethods.closeBrowser(EnsekMethods.java:72)
at assignments.EnsekMethods.closeBrowser(EnsekMethods.java:72)
at assignments.EnsekMethods.closeBrowser(EnsekMethods.java:72)
at assignments.EnsekMethods.closeBrowser(EnsekMethods.java:72)
at assignments.EnsekMethods.closeBrowser(EnsekMethods.java:72)
at assignments.EnsekMethods.closeBrowser(EnsekMethods.java:72)
at assignments.EnsekMethods.closeBrowser(EnsekMethods.java:72)
at assignments.EnsekMethods.closeBrowser(EnsekMethods.java:72)
at assignments.EnsekMethods.closeBrowser(EnsekMethods.java:72)
at assignments.EnsekMethods.closeBrowser(EnsekMethods.java:72)
at assignments.EnsekMethods.closeBrowser(EnsekMethods.java:72)
at assignments.EnsekMethods.closeBrowser(EnsekMethods.java:72)
at assignments.EnsekMethods.closeBrowser(EnsekMethods.java:72)
at assignments.EnsekMethods.closeBrowser(EnsekMethods.java:72)
at assignments.EnsekMethods.closeBrowser(EnsekMethods.java:72)
at assignments.EnsekMethods.closeBrowser(EnsekMethods.java:72)
at assignments.EnsekMethods.closeBrowser(EnsekMethods.java:72)
at assignments.EnsekMethods.closeBrowser(EnsekMethods.java:72)
at assignments.EnsekMethods.closeBrowser(EnsekMethods.java:72)
at assignments.EnsekMethods.closeBrowser(EnsekMethods.java:72)
at assignments.EnsekMethods.closeBrowser(EnsekMethods.java:72)
at assignments.EnsekMethods.closeBrowser(EnsekMethods.java:72)
at assignments.EnsekMethods.closeBrowser(EnsekMethods.java:72)
at assignments.EnsekMethods.closeBrowser(EnsekMethods.java:72)
at assignments.EnsekMethods.closeBrowser(EnsekMethods.java:72)
at assignments.EnsekMethods.closeBrowser(EnsekMethods.java:72)
at assignments.EnsekMethods.closeBrowser(EnsekMethods.java:72)
at assignments.EnsekMethods.closeBrowser(EnsekMethods.java:72)
at assignments.EnsekMethods.closeBrowser(EnsekMethods.java:72)
at assignments.EnsekMethods.closeBrowser(EnsekMethods.java:72)
at assignments.EnsekMethods.closeBrowser(EnsekMethods.java:72)
at assignments.EnsekMethods.closeBrowser(EnsekMethods.java:72)
at assignments.EnsekMethods.closeBrowser(EnsekMethods.java:72)
at assignments.EnsekMethods.closeBrowser(EnsekMethods.java:72)
at assignments.EnsekMethods.closeBrowser(EnsekMethods.java:72)
at assignments.EnsekMethods.closeBrowser(EnsekMethods.java:72)
at assignments.EnsekMethods.closeBrowser(EnsekMethods.java:72)
at assignments.EnsekMethods.closeBrowser(EnsekMethods.java:72)
at assignments.EnsekMethods.closeBrowser(EnsekMethods.java:72)
at assignments.EnsekMethods.closeBrowser(EnsekMethods.java:72)
at assignments.EnsekMethods.closeBrowser(EnsekMethods.java:72)
at assignments.EnsekMethods.closeBrowser(EnsekMethods.java:72)
at assignments.EnsekMethods.closeBrowser(EnsekMethods.java:72)
at assignments.EnsekMethods.closeBrowser(EnsekMethods.java:72)
at assignments.EnsekMethods.closeBrowser(EnsekMethods.java:72)
at assignments.EnsekMethods.closeBrowser(EnsekMethods.java:72)
at assignments.EnsekMethods.closeBrowser(EnsekMethods.java:72)
at assignments.EnsekMethods.closeBrowser(EnsekMethods.java:72)
at assignments.EnsekMethods.closeBrowser(EnsekMethods.java:72)
at assignments.EnsekMethods.closeBrowser(EnsekMethods.java:72)
at assignments.EnsekMethods.closeBrowser(EnsekMethods.java:72)
at assignments.EnsekMethods.closeBrowser(EnsekMethods.java:72)
at assignments.EnsekMethods.closeBrowser(EnsekMethods.java:72)
at assignments.EnsekMethods.closeBrowser(EnsekMethods.java:72)
at assignments.EnsekMethods.closeBrowser(EnsekMethods.java:72)
at assignments.EnsekMethods.closeBrowser(EnsekMethods.java:72)
at assignments.EnsekMethods.closeBrowser(EnsekMethods.java:72)
at assignments.EnsekMethods.closeBrowser(EnsekMethods.java:72)
at assignments.EnsekMethods.closeBrowser(EnsekMethods.java:72)
at assignments.EnsekMethods.closeBrowser(EnsekMethods.java:72)
at assignments.EnsekMethods.closeBrowser(EnsekMethods.java:72)
at assignments.EnsekMethods.closeBrowser(EnsekMethods.java:72)
at assignments.EnsekMethods.closeBrowser(EnsekMethods.java:72)
at assignments.EnsekMethods.closeBrowser(EnsekMethods.java:72)
at assignments.EnsekMethods.closeBrowser(EnsekMethods.java:72)
at assignments.EnsekMethods.closeBrowser(EnsekMethods.java:72)
at assignments.EnsekMethods.closeBrowser(EnsekMethods.java:72)
at assignments.EnsekMethods.closeBrowser(EnsekMethods.java:72)
at assignments.EnsekMethods.closeBrowser(EnsekMethods.java:72)
at assignments.EnsekMethods.closeBrowser(EnsekMethods.java:72)
at assignments.EnsekMethods.closeBrowser(EnsekMethods.java:72)
at assignments.EnsekMethods.closeBrowser(EnsekMethods.java:72)
at assignments.EnsekMethods.closeBrowser(EnsekMethods.java:72)
at assignments.EnsekMethods.closeBrowser(EnsekMethods.java:72)
at assignments.EnsekMethods.closeBrowser(EnsekMethods.java:72)
at assignments.EnsekMethods.closeBrowser(EnsekMethods.java:72)
at assignments.EnsekMethods.closeBrowser(EnsekMethods.java:72)
at assignments.EnsekMethods.closeBrowser(EnsekMethods.java:72)
at assignments.EnsekMethods.closeBrowser(EnsekMethods.java:72)
at assignments.EnsekMethods.closeBrowser(EnsekMethods.java:72)
at assignments.EnsekMethods.closeBrowser(EnsekMethods.java:72)
at assignments.EnsekMethods.closeBrowser(EnsekMethods.java:72)
at assignments.EnsekMethods.closeBrowser(EnsekMethods.java:72)
at assignments.EnsekMethods.closeBrowser(EnsekMethods.java:72)
at assignments.EnsekMethods.closeBrowser(EnsekMethods.java:72)
at assignments.EnsekMethods.closeBrowser(EnsekMethods.java:72)
at assignments.EnsekMethods.closeBrowser(EnsekMethods.java:72)
at assignments.EnsekMethods.closeBrowser(EnsekMethods.java:72)
at assignments.EnsekMethods.closeBrowser(EnsekMethods.java:72)
at assignments.EnsekMethods.closeBrowser(EnsekMethods.java:72)
at assignments.EnsekMethods.closeBrowser(EnsekMethods.java:72)
at assignments.EnsekMethods.closeBrowser(EnsekMethods.java:72)
at assignments.EnsekMethods.closeBrowser(EnsekMethods.java:72)
at assignments.EnsekMethods.closeBrowser(EnsekMethods.java:72)
at assignments.EnsekMethods.closeBrowser(EnsekMethods.java:72)
at assignments.EnsekMethods.closeBrowser(EnsekMethods.java:72)
at assignments.EnsekMethods.closeBrowser(EnsekMethods.java:72)
at assignments.EnsekMethods.closeBrowser(EnsekMethods.java:72)
at assignments.EnsekMethods.closeBrowser(EnsekMethods.java:72)
at assignments.EnsekMethods.closeBrowser(EnsekMethods.java:72)
at assignments.EnsekMethods.closeBrowser(EnsekMethods.java:72)
at assignments.EnsekMethods.closeBrowser(EnsekMethods.java:72)
at assignments.EnsekMethods.closeBrowser(EnsekMethods.java:72)
at assignments.EnsekMethods.closeBrowser(EnsekMethods.java:72)
at assignments.EnsekMethods.closeBrowser(EnsekMethods.java:72)
at assignments.EnsekMethods.closeBrowser(EnsekMethods.java:72)
at assignments.EnsekMethods.closeBrowser(EnsekMethods.java:72)
at assignments.EnsekMethods.closeBrowser(EnsekMethods.java:72)
at assignments.EnsekMethods.closeBrowser(EnsekMethods.java:72)
at assignments.EnsekMethods.closeBrowser(EnsekMethods.java:72)
at assignments.EnsekMethods.closeBrowser(EnsekMethods.java:72)
at assignments.EnsekMethods.closeBrowser(EnsekMethods.java:72)
at assignments.EnsekMethods.closeBrowser(EnsekMethods.java:72)
at assignments.EnsekMethods.closeBrowser(EnsekMethods.java:72)
at assignments.EnsekMethods.closeBrowser(EnsekMethods.java:72)
at assignments.EnsekMethods.closeBrowser(EnsekMethods.java:72)
at assignments.EnsekMethods.closeBrowser(EnsekMethods.java:72)
at assignments.EnsekMethods.closeBrowser(EnsekMethods.java:72)
at assignments.EnsekMethods.closeBrowser(EnsekMethods.java:72)
at assignments.EnsekMethods.closeBrowser(EnsekMethods.java:72)
at assignments.EnsekMethods.closeBrowser(EnsekMethods.java:72)
at assignments.EnsekMethods.closeBrowser(EnsekMethods.java:72)
at assignments.EnsekMethods.closeBrowser(EnsekMethods.java:72)
at assignments.EnsekMethods.closeBrowser(EnsekMethods.java:72)
at assignments.EnsekMethods.closeBrowser(EnsekMethods.java:72)
at assignments.EnsekMethods.closeBrowser(EnsekMethods.java:72)
at assignments.EnsekMethods.closeBrowser(EnsekMethods.java:72)
at assignments.EnsekMethods.closeBrowser(EnsekMethods.java:72)
at assignments.EnsekMethods.closeBrowser(EnsekMethods.java:72)
at assignments.EnsekMethods.closeBrowser(EnsekMethods.java:72)
at assignments.EnsekMethods.closeBrowser(EnsekMethods.java:72)
at assignments.EnsekMethods.closeBrowser(EnsekMethods.java:72)
at assignments.EnsekMethods.closeBrowser(EnsekMethods.java:72)
at assignments.EnsekMethods.closeBrowser(EnsekMethods.java:72)
at assignments.EnsekMethods.closeBrowser(EnsekMethods.java:72)
at assignments.EnsekMethods.closeBrowser(EnsekMethods.java:72)
at assignments.EnsekMethods.closeBrowser(EnsekMethods.java:72)
at assignments.EnsekMethods.closeBrowser(EnsekMethods.java:72)
at assignments.EnsekMethods.closeBrowser(EnsekMethods.java:72)
at assignments.EnsekMethods.closeBrowser(EnsekMethods.java:72)
at assignments.EnsekMethods.closeBrowser(EnsekMethods.java:72)
at assignments.EnsekMethods.closeBrowser(EnsekMethods.java:72)
at assignments.EnsekMethods.closeBrowser(EnsekMethods.java:72)
at assignments.EnsekMethods.closeBrowser(EnsekMethods.java:72)
at assignments.EnsekMethods.closeBrowser(EnsekMethods.java:72)
at assignments.EnsekMethods.closeBrowser(EnsekMethods.java:72)
at assignments.EnsekMethods.closeBrowser(EnsekMethods.java:72)
at assignments.EnsekMethods.closeBrowser(EnsekMethods.java:72)
at assignments.EnsekMethods.closeBrowser(EnsekMethods.java:72)
at assignments.EnsekMethods.closeBrowser(EnsekMethods.java:72)
at assignments.EnsekMethods.closeBrowser(EnsekMethods.java:72)
at assignments.EnsekMethods.closeBrowser(EnsekMethods.java:72)
at assignments.EnsekMethods.closeBrowser(EnsekMethods.java:72)
at assignments.EnsekMethods.closeBrowser(EnsekMethods.java:72)
at assignments.EnsekMethods.closeBrowser(EnsekMethods.java:72)
at assignments.EnsekMethods.closeBrowser(EnsekMethods.java:72)
at assignments.EnsekMethods.closeBrowser(EnsekMethods.java:72)
at assignments.EnsekMethods.closeBrowser(EnsekMethods.java:72)
at assignments.EnsekMethods.closeBrowser(EnsekMethods.java:72)
at assignments.EnsekMethods.closeBrowser(EnsekMethods.java:72)
at assignments.EnsekMethods.closeBrowser(EnsekMethods.java:72)
at assignments.EnsekMethods.closeBrowser(EnsekMethods.java:72)
at assignments.EnsekMethods.closeBrowser(EnsekMethods.java:72)
at assignments.EnsekMethods.closeBrowser(EnsekMethods.java:72)
at assignments.EnsekMethods.closeBrowser(EnsekMethods.java:72)
at assignments.EnsekMethods.closeBrowser(EnsekMethods.java:72)
at assignments.EnsekMethods.closeBrowser(EnsekMethods.java:72)
at assignments.EnsekMethods.closeBrowser(EnsekMethods.java:72)
at assignments.EnsekMethods.closeBrowser(EnsekMethods.java:72)
at assignments.EnsekMethods.closeBrowser(EnsekMethods.java:72)
at assignments.EnsekMethods.closeBrowser(EnsekMethods.java:72)
at assignments.EnsekMethods.closeBrowser(EnsekMethods.java:72)
at assignments.EnsekMethods.closeBrowser(EnsekMethods.java:72)
at assignments.EnsekMethods.closeBrowser(EnsekMethods.java:72)
at assignments.EnsekMethods.closeBrowser(EnsekMethods.java:72)
at assignments.EnsekMethods.closeBrowser(EnsekMethods.java:72)
at assignments.EnsekMethods.closeBrowser(EnsekMethods.java:72)
at assignments.EnsekMethods.closeBrowser(EnsekMethods.java:72)
at assignments.EnsekMethods.closeBrowser(EnsekMethods.java:72)
at assignments.EnsekMethods.closeBrowser(EnsekMethods.java:72)
at assignments.EnsekMethods.closeBrowser(EnsekMethods.java:72)
at assignments.EnsekMethods.closeBrowser(EnsekMethods.java:72)
at assignments.EnsekMethods.closeBrowser(EnsekMethods.java:72)
at assignments.EnsekMethods.closeBrowser(EnsekMethods.java:72)
at assignments.EnsekMethods.closeBrowser(EnsekMethods.java:72)
at assignments.EnsekMethods.closeBrowser(EnsekMethods.java:72)
at assignments.EnsekMethods.closeBrowser(EnsekMethods.java:72)
at assignments.EnsekMethods.closeBrowser(EnsekMethods.java:72)
at assignments.EnsekMethods.closeBrowser(EnsekMethods.java:72)
at assignments.EnsekMethods.closeBrowser(EnsekMethods.java:72)
at assignments.EnsekMethods.closeBrowser(EnsekMethods.java:72)
at assignments.EnsekMethods.closeBrowser(EnsekMethods.java:72)
at assignments.EnsekMethods.closeBrowser(EnsekMethods.java:72)
at assignments.EnsekMethods.closeBrowser(EnsekMethods.java:72)
at assignments.EnsekMethods.closeBrowser(EnsekMethods.java:72)
at assignments.EnsekMethods.closeBrowser(EnsekMethods.java:72)
at assignments.EnsekMethods.closeBrowser(EnsekMethods.java:72)
at assignments.EnsekMethods.closeBrowser(EnsekMethods.java:72)
at assignments.EnsekMethods.closeBrowser(EnsekMethods.java:72)
at assignments.EnsekMethods.closeBrowser(EnsekMethods.java:72)
at assignments.EnsekMethods.closeBrowser(EnsekMethods.java:72)
at assignments.EnsekMethods.closeBrowser(EnsekMethods.java:72)
at assignments.EnsekMethods.closeBrowser(EnsekMethods.java:72)
at assignments.EnsekMethods.closeBrowser(EnsekMethods.java:72)
at assignments.EnsekMethods.closeBrowser(EnsekMethods.java:72)
at assignments.EnsekMethods.closeBrowser(EnsekMethods.java:72)
at assignments.EnsekMethods.closeBrowser(EnsekMethods.java:72)
at assignments.EnsekMethods.closeBrowser(EnsekMethods.java:72)
at assignments.EnsekMethods.closeBrowser(EnsekMethods.java:72)
at assignments.EnsekMethods.closeBrowser(EnsekMethods.java:72)
at assignments.EnsekMethods.closeBrowser(EnsekMethods.java:72)
at assignments.EnsekMethods.closeBrowser(EnsekMethods.java:72)
at assignments.EnsekMethods.closeBrowser(EnsekMethods.java:72)
at assignments.EnsekMethods.closeBrowser(EnsekMethods.java:72)
at assignments.EnsekMethods.closeBrowser(EnsekMethods.java:72)
at assignments.EnsekMethods.closeBrowser(EnsekMethods.java:72)
at assignments.EnsekMethods.closeBrowser(EnsekMethods.java:72)
at assignments.EnsekMethods.closeBrowser(EnsekMethods.java:72)
at assignments.EnsekMethods.closeBrowser(EnsekMethods.java:72)
at assignments.EnsekMethods.closeBrowser(EnsekMethods.java:72)
at assignments.EnsekMethods.closeBrowser(EnsekMethods.java:72)
at assignments.EnsekMethods.closeBrowser(EnsekMethods.java:72)
at assignments.EnsekMethods.closeBrowser(EnsekMethods.java:72)
at assignments.EnsekMethods.closeBrowser(EnsekMethods.java:72)
at assignments.EnsekMethods.closeBrowser(EnsekMethods.java:72)
at assignments.EnsekMethods.closeBrowser(EnsekMethods.java:72)
at assignments.EnsekMethods.closeBrowser(EnsekMethods.java:72)
at assignments.EnsekMethods.closeBrowser(EnsekMethods.java:72)
at assignments.EnsekMethods.closeBrowser(EnsekMethods.java:72)
at assignments.EnsekMethods.closeBrowser(EnsekMethods.java:72)
at assignments.EnsekMethods.closeBrowser(EnsekMethods.java:72)
at assignments.EnsekMethods.closeBrowser(EnsekMethods.java:72)
at assignments.EnsekMethods.closeBrowser(EnsekMethods.java:72)
at assignments.EnsekMethods.closeBrowser(EnsekMethods.java:72)
at assignments.EnsekMethods.closeBrowser(EnsekMethods.java:72)
at assignments.EnsekMethods.closeBrowser(EnsekMethods.java:72)
at assignments.EnsekMethods.closeBrowser(EnsekMethods.java:72)
at assignments.EnsekMethods.closeBrowser(EnsekMethods.java:72)
at assignments.EnsekMethods.closeBrowser(EnsekMethods.java:72)
at assignments.EnsekMethods.closeBrowser(EnsekMethods.java:72)
at assignments.EnsekMethods.closeBrowser(EnsekMethods.java:72)
at assignments.EnsekMethods.closeBrowser(EnsekMethods.java:72)
at assignments.EnsekMethods.closeBrowser(EnsekMethods.java:72)
at assignments.EnsekMethods.closeBrowser(EnsekMethods.java:72)
at assignments.EnsekMethods.closeBrowser(EnsekMethods.java:72)
at assignments.EnsekMethods.closeBrowser(EnsekMethods.java:72)
at assignments.EnsekMethods.closeBrowser(EnsekMethods.java:72)
at assignments.EnsekMethods.closeBrowser(EnsekMethods.java:72)
at assignments.EnsekMethods.closeBrowser(EnsekMethods.java:72)
at assignments.EnsekMethods.closeBrowser(EnsekMethods.java:72)
at assignments.EnsekMethods.closeBrowser(EnsekMethods.java:72)
at assignments.EnsekMethods.closeBrowser(EnsekMethods.java:72)
at assignments.EnsekMethods.closeBrowser(EnsekMethods.java:72)
at assignments.EnsekMethods.closeBrowser(EnsekMethods.java:72)
at assignments.EnsekMethods.closeBrowser(EnsekMethods.java:72)
at assignments.EnsekMethods.closeBrowser(EnsekMethods.java:72)
at assignments.EnsekMethods.closeBrowser(EnsekMethods.java:72)
at assignments.EnsekMethods.closeBrowser(EnsekMethods.java:72)
at assignments.EnsekMethods.closeBrowser(EnsekMethods.java:72)
at assignments.EnsekMethods.closeBrowser(EnsekMethods.java:72)
at assignments.EnsekMethods.closeBrowser(EnsekMethods.java:72)
at assignments.EnsekMethods.closeBrowser(EnsekMethods.java:72)
at assignments.EnsekMethods.closeBrowser(EnsekMethods.java:72)
at assignments.EnsekMethods.closeBrowser(EnsekMethods.java:72)
at assignments.EnsekMethods.closeBrowser(EnsekMethods.java:72)
at assignments.EnsekMethods.closeBrowser(EnsekMethods.java:72)
at assignments.EnsekMethods.closeBrowser(EnsekMethods.java:72)
at assignments.EnsekMethods.closeBrowser(EnsekMethods.java:72)
at assignments.EnsekMethods.closeBrowser(EnsekMethods.java:72)
at assignments.EnsekMethods.closeBrowser(EnsekMethods.java:72)
at assignments.EnsekMethods.closeBrowser(EnsekMethods.java:72)
at assignments.EnsekMethods.closeBrowser(EnsekMethods.java:72)
at assignments.EnsekMethods.closeBrowser(EnsekMethods.java:72)
at assignments.EnsekMethods.closeBrowser(EnsekMethods.java:72)
at assignments.EnsekMethods.closeBrowser(EnsekMethods.java:72)
at assignments.EnsekMethods.closeBrowser(EnsekMethods.java:72)
at assignments.EnsekMethods.closeBrowser(EnsekMethods.java:72)
at assignments.EnsekMethods.closeBrowser(EnsekMethods.java:72)
at assignments.EnsekMethods.closeBrowser(EnsekMethods.java:72)
at assignments.EnsekMethods.closeBrowser(EnsekMethods.java:72)
at assignments.EnsekMethods.closeBrowser(EnsekMethods.java:72)
at assignments.EnsekMethods.closeBrowser(EnsekMethods.java:72)
at assignments.EnsekMethods.closeBrowser(EnsekMethods.java:72)
at assignments.EnsekMethods.closeBrowser(EnsekMethods.java:72)
at assignments.EnsekMethods.closeBrowser(EnsekMethods.java:72)
at assignments.EnsekMethods.closeBrowser(EnsekMethods.java:72)
at assignments.EnsekMethods.closeBrowser(EnsekMethods.java:72)
at assignments.EnsekMethods.closeBrowser(EnsekMethods.java:72)
at assignments.EnsekMethods.closeBrowser(EnsekMethods.java:72)
at assignments.EnsekMethods.closeBrowser(EnsekMethods.java:72)
at assignments.EnsekMethods.closeBrowser(EnsekMethods.java:72)
at assignments.EnsekMethods.closeBrowser(EnsekMethods.java:72)
at assignments.EnsekMethods.closeBrowser(EnsekMethods.java:72)
at assignments.EnsekMethods.closeBrowser(EnsekMethods.java:72)
at assignments.EnsekMethods.closeBrowser(EnsekMethods.java:72)
at assignments.EnsekMethods.closeBrowser(EnsekMethods.java:72)
at assignments.EnsekMethods.closeBrowser(EnsekMethods.java:72)
at assignments.EnsekMethods.closeBrowser(EnsekMethods.java:72)
at assignments.EnsekMethods.closeBrowser(EnsekMethods.java:72)
at assignments.EnsekMethods.closeBrowser(EnsekMethods.java:72)
at assignments.EnsekMethods.closeBrowser(EnsekMethods.java:72)
at assignments.EnsekMethods.closeBrowser(EnsekMethods.java:72)
at assignments.EnsekMethods.closeBrowser(EnsekMethods.java:72)
at assignments.EnsekMethods.closeBrowser(EnsekMethods.java:72)
at assignments.EnsekMethods.closeBrowser(EnsekMethods.java:72)
at assignments.EnsekMethods.closeBrowser(EnsekMethods.java:72)
at assignments.EnsekMethods.closeBrowser(EnsekMethods.java:72)
at assignments.EnsekMethods.closeBrowser(EnsekMethods.java:72)
at assignments.EnsekMethods.closeBrowser(EnsekMethods.java:72)
at assignments.EnsekMethods.closeBrowser(EnsekMethods.java:72)
at assignments.EnsekMethods.closeBrowser(EnsekMethods.java:72)
at assignments.EnsekMethods.closeBrowser(EnsekMethods.java:72)
at assignments.EnsekMethods.closeBrowser(EnsekMethods.java:72)
at assignments.EnsekMethods.closeBrowser(EnsekMethods.java:72)
at assignments.EnsekMethods.closeBrowser(EnsekMethods.java:72)
at assignments.EnsekMethods.closeBrowser(EnsekMethods.java:72)
at assignments.EnsekMethods.closeBrowser(EnsekMethods.java:72)
at assignments.EnsekMethods.closeBrowser(EnsekMethods.java:72)
at assignments.EnsekMethods.closeBrowser(EnsekMethods.java:72)
at assignments.EnsekMethods.closeBrowser(EnsekMethods.java:72)
at assignments.EnsekMethods.closeBrowser(EnsekMethods.java:72)
at assignments.EnsekMethods.closeBrowser(EnsekMethods.java:72)
at assignments.EnsekMethods.closeBrowser(EnsekMethods.java:72)
at assignments.EnsekMethods.closeBrowser(EnsekMethods.java:72)
at assignments.EnsekMethods.closeBrowser(EnsekMethods.java:72)
at assignments.EnsekMethods.closeBrowser(EnsekMethods.java:72)
at assignments.EnsekMethods.closeBrowser(EnsekMethods.java:72)
at assignments.EnsekMethods.closeBrowser(EnsekMethods.java:72)
at assignments.EnsekMethods.closeBrowser(EnsekMethods.java:72)
at assignments.EnsekMethods.closeBrowser(EnsekMethods.java:72)
at assignments.EnsekMethods.closeBrowser(EnsekMethods.java:72)
at assignments.EnsekMethods.closeBrowser(EnsekMethods.java:72)
at assignments.EnsekMethods.closeBrowser(EnsekMethods.java:72)
at assignments.EnsekMethods.closeBrowser(EnsekMethods.java:72)
at assignments.EnsekMethods.closeBrowser(EnsekMethods.java:72)
at assignments.EnsekMethods.closeBrowser(EnsekMethods.java:72)
at assignments.EnsekMethods.closeBrowser(EnsekMethods.java:72)
at assignments.EnsekMethods.closeBrowser(EnsekMethods.java:72)
at assignments.EnsekMethods.closeBrowser(EnsekMethods.java:72)
at assignments.EnsekMethods.closeBrowser(EnsekMethods.java:72)
at assignments.EnsekMethods.closeBrowser(EnsekMethods.java:72)
at assignments.EnsekMethods.closeBrowser(EnsekMethods.java:72)
at assignments.EnsekMethods.closeBrowser(EnsekMethods.java:72)
at assignments.EnsekMethods.closeBrowser(EnsekMethods.java:72)
at assignments.EnsekMethods.closeBrowser(EnsekMethods.java:72)
at assignments.EnsekMethods.closeBrowser(EnsekMethods.java:72)
at assignments.EnsekMethods.closeBrowser(EnsekMethods.java:72)
at assignments.EnsekMethods.closeBrowser(EnsekMethods.java:72)
at assignments.EnsekMethods.closeBrowser(EnsekMethods.java:72)
at assignments.EnsekMethods.closeBrowser(EnsekMethods.java:72)
at assignments.EnsekMethods.closeBrowser(EnsekMethods.java:72)
at assignments.EnsekMethods.closeBrowser(EnsekMethods.java:72)
at assignments.EnsekMethods.closeBrowser(EnsekMethods.java:72)
at assignments.EnsekMethods.closeBrowser(EnsekMethods.java:72)
at assignments.EnsekMethods.closeBrowser(EnsekMethods.java:72)
at assignments.EnsekMethods.closeBrowser(EnsekMethods.java:72)
at assignments.EnsekMethods.closeBrowser(EnsekMethods.java:72)
at assignments.EnsekMethods.closeBrowser(EnsekMethods.java:72)
at assignments.EnsekMethods.closeBrowser(EnsekMethods.java:72)
at assignments.EnsekMethods.closeBrowser(EnsekMethods.java:72)
at assignments.EnsekMethods.closeBrowser(EnsekMethods.java:72)
at assignments.EnsekMethods.closeBrowser(EnsekMethods.java:72)
at assignments.EnsekMethods.closeBrowser(EnsekMethods.java:72)
at assignments.EnsekMethods.closeBrowser(EnsekMethods.java:72)
at assignments.EnsekMethods.closeBrowser(EnsekMethods.java:72)
at assignments.EnsekMethods.closeBrowser(EnsekMethods.java:72)
at assignments.EnsekMethods.closeBrowser(EnsekMethods.java:72)
at assignments.EnsekMethods.closeBrowser(EnsekMethods.java:72)
at assignments.EnsekMethods.closeBrowser(EnsekMethods.java:72)
at assignments.EnsekMethods.closeBrowser(EnsekMethods.java:72)
at assignments.EnsekMethods.closeBrowser(EnsekMethods.java:72)
at assignments.EnsekMethods.closeBrowser(EnsekMethods.java:72)
at assignments.EnsekMethods.closeBrowser(EnsekMethods.java:72)
at assignments.EnsekMethods.closeBrowser(EnsekMethods.java:72)
at assignments.EnsekMethods.closeBrowser(EnsekMethods.java:72)
at assignments.EnsekMethods.closeBrowser(EnsekMethods.java:72)
at assignments.EnsekMethods.closeBrowser(EnsekMethods.java:72)
at assignments.EnsekMethods.closeBrowser(EnsekMethods.java:72)
at assignments.EnsekMethods.closeBrowser(EnsekMethods.java:72)
at assignments.EnsekMethods.closeBrowser(EnsekMethods.java:72)
at assignments.EnsekMethods.closeBrowser(EnsekMethods.java:72)
at assignments.EnsekMethods.closeBrowser(EnsekMethods.java:72)
at assignments.EnsekMethods.closeBrowser(EnsekMethods.java:72)
at assignments.EnsekMethods.closeBrowser(EnsekMethods.java:72)
at assignments.EnsekMethods.closeBrowser(EnsekMethods.java:72)
at assignments.EnsekMethods.closeBrowser(EnsekMethods.java:72)
at assignments.EnsekMethods.closeBrowser(EnsekMethods.java:72)
at assignments.EnsekMethods.closeBrowser(EnsekMethods.java:72)
at assignments.EnsekMethods.closeBrowser(EnsekMethods.java:72)
at assignments.EnsekMethods.closeBrowser(EnsekMethods.java:72)
at assignments.EnsekMethods.closeBrowser(EnsekMethods.java:72)
at assignments.EnsekMethods.closeBrowser(EnsekMethods.java:72)
at assignments.EnsekMethods.closeBrowser(EnsekMethods.java:72)
at assignments.EnsekMethods.closeBrowser(EnsekMethods.java:72)
at assignments.EnsekMethods.closeBrowser(EnsekMethods.java:72)
at assignments.EnsekMethods.closeBrowser(EnsekMethods.java:72)
at assignments.EnsekMethods.closeBrowser(EnsekMethods.java:72)
at assignments.EnsekMethods.closeBrowser(EnsekMethods.java:72)
at assignments.EnsekMethods.closeBrowser(EnsekMethods.java:72)
at assignments.EnsekMethods.closeBrowser(EnsekMethods.java:72)
at assignments.EnsekMethods.closeBrowser(EnsekMethods.java:72)
at assignments.EnsekMethods.closeBrowser(EnsekMethods.java:72)
at assignments.EnsekMethods.closeBrowser(EnsekMethods.java:72)
at assignments.EnsekMethods.closeBrowser(EnsekMethods.java:72)
at assignments.EnsekMethods.closeBrowser(EnsekMethods.java:72)
at assignments.EnsekMethods.closeBrowser(EnsekMethods.java:72)
at assignments.EnsekMethods.closeBrowser(EnsekMethods.java:72)
at assignments.EnsekMethods.closeBrowser(EnsekMethods.java:72)
at assignments.EnsekMethods.closeBrowser(EnsekMethods.java:72)
at assignments.EnsekMethods.closeBrowser(EnsekMethods.java:72)
at assignments.EnsekMethods.closeBrowser(EnsekMethods.java:72)
at assignments.EnsekMethods.closeBrowser(EnsekMethods.java:72)
at assignments.EnsekMethods.closeBrowser(EnsekMethods.java:72)
at assignments.EnsekMethods.closeBrowser(EnsekMethods.java:72)
at assignments.EnsekMethods.closeBrowser(EnsekMethods.java:72)
at assignments.EnsekMethods.closeBrowser(EnsekMethods.java:72)
at assignments.EnsekMethods.closeBrowser(EnsekMethods.java:72)
at assignments.EnsekMethods.closeBrowser(EnsekMethods.java:72)
at assignments.EnsekMethods.closeBrowser(EnsekMethods.java:72)
at assignments.EnsekMethods.closeBrowser(EnsekMethods.java:72)
at assignments.EnsekMethods.closeBrowser(EnsekMethods.java:72)
at assignments.EnsekMethods.closeBrowser(EnsekMethods.java:72)
at assignments.EnsekMethods.closeBrowser(EnsekMethods.java:72)
at assignments.EnsekMethods.closeBrowser(EnsekMethods.java:72)
at assignments.EnsekMethods.closeBrowser(EnsekMethods.java:72)
at assignments.EnsekMethods.closeBrowser(EnsekMethods.java:72)
at assignments.EnsekMethods.closeBrowser(EnsekMethods.java:72)
at assignments.EnsekMethods.closeBrowser(EnsekMethods.java:72)
at assignments.EnsekMethods.closeBrowser(EnsekMethods.java:72)
at assignments.EnsekMethods.closeBrowser(EnsekMethods.java:72)
at assignments.EnsekMethods.closeBrowser(EnsekMethods.java:72)
at assignments.EnsekMethods.closeBrowser(EnsekMethods.java:72)
at assignments.EnsekMethods.closeBrowser(EnsekMethods.java:72)
at assignments.EnsekMethods.closeBrowser(EnsekMethods.java:72)
at assignments.EnsekMethods.closeBrowser(EnsekMethods.java:72)
at assignments.EnsekMethods.closeBrowser(EnsekMethods.java:72)
at assignments.EnsekMethods.closeBrowser(EnsekMethods.java:72)
at assignments.EnsekMethods.closeBrowser(EnsekMethods.java:72)
at assignments.EnsekMethods.closeBrowser(EnsekMethods.java:72)
at assignments.EnsekMethods.closeBrowser(EnsekMethods.java:72)
at assignments.EnsekMethods.closeBrowser(EnsekMethods.java:72)
at assignments.EnsekMethods.closeBrowser(EnsekMethods.java:72)
at assignments.EnsekMethods.closeBrowser(EnsekMethods.java:72)
at assignments.EnsekMethods.closeBrowser(EnsekMethods.java:72)
at assignments.EnsekMethods.closeBrowser(EnsekMethods.java:72)
at assignments.EnsekMethods.closeBrowser(EnsekMethods.java:72)
at assignments.EnsekMethods.closeBrowser(EnsekMethods.java:72)
at assignments.EnsekMethods.closeBrowser(EnsekMethods.java:72)
at assignments.EnsekMethods.closeBrowser(EnsekMethods.java:72)
at assignments.EnsekMethods.closeBrowser(EnsekMethods.java:72)
at assignments.EnsekMethods.closeBrowser(EnsekMethods.java:72)
at assignments.EnsekMethods.closeBrowser(EnsekMethods.java:72)
at assignments.EnsekMethods.closeBrowser(EnsekMethods.java:72)
at assignments.EnsekMethods.closeBrowser(EnsekMethods.java:72)
at assignments.EnsekMethods.closeBrowser(EnsekMethods.java:72)
at assignments.EnsekMethods.closeBrowser(EnsekMethods.java:72)
at assignments.EnsekMethods.closeBrowser(EnsekMethods.java:72)
at assignments.EnsekMethods.closeBrowser(EnsekMethods.java:72)
at assignments.EnsekMethods.closeBrowser(EnsekMethods.java:72)
at assignments.EnsekMethods.closeBrowser(EnsekMethods.java:72)
at assignments.EnsekMethods.closeBrowser(EnsekMethods.java:72)
at assignments.EnsekMethods.closeBrowser(EnsekMethods.java:72)
at assignments.EnsekMethods.closeBrowser(EnsekMethods.java:72)
at assignments.EnsekMethods.closeBrowser(EnsekMethods.java:72)
at assignments.EnsekMethods.closeBrowser(EnsekMethods.java:72)
at assignments.EnsekMethods.closeBrowser(EnsekMethods.java:72)
at assignments.EnsekMethods.closeBrowser(EnsekMethods.java:72)
at assignments.EnsekMethods.closeBrowser(EnsekMethods.java:72)
at assignments.EnsekMethods.closeBrowser(EnsekMethods.java:72)
at assignments.EnsekMethods.closeBrowser(EnsekMethods.java:72)
at assignments.EnsekMethods.closeBrowser(EnsekMethods.java:72)
at assignments.EnsekMethods.closeBrowser(EnsekMethods.java:72)
at assignments.EnsekMethods.closeBrowser(EnsekMethods.java:72)
at assignments.EnsekMethods.closeBrowser(EnsekMethods.java:72)
at assignments.EnsekMethods.closeBrowser(EnsekMethods.java:72)
at assignments.EnsekMethods.closeBrowser(EnsekMethods.java:72)
at assignments.EnsekMethods.closeBrowser(EnsekMethods.java:72)
at assignments.EnsekMethods.closeBrowser(EnsekMethods.java:72)
at assignments.EnsekMethods.closeBrowser(EnsekMethods.java:72)
at assignments.EnsekMethods.closeBrowser(EnsekMethods.java:72)
at assignments.EnsekMethods.closeBrowser(EnsekMethods.java:72)
at assignments.EnsekMethods.closeBrowser(EnsekMethods.java:72)
at assignments.EnsekMethods.closeBrowser(EnsekMethods.java:72)
at assignments.EnsekMethods.closeBrowser(EnsekMethods.java:72)
at assignments.EnsekMethods.closeBrowser(EnsekMethods.java:72)
at assignments.EnsekMethods.closeBrowser(EnsekMethods.java:72)
at assignments.EnsekMethods.closeBrowser(EnsekMethods.java:72)
at assignments.EnsekMethods.closeBrowser(EnsekMethods.java:72)
at assignments.EnsekMethods.closeBrowser(EnsekMethods.java:72)
at assignments.EnsekMethods.closeBrowser(EnsekMethods.java:72)
at assignments.EnsekMethods.closeBrowser(EnsekMethods.java:72)
at assignments.EnsekMethods.closeBrowser(EnsekMethods.java:72)
at assignments.EnsekMethods.closeBrowser(EnsekMethods.java:72)
at assignments.EnsekMethods.closeBrowser(EnsekMethods.java:72)
at assignments.EnsekMethods.closeBrowser(EnsekMethods.java:72)
at assignments.EnsekMethods.closeBrowser(EnsekMethods.java:72)
at assignments.EnsekMethods.closeBrowser(EnsekMethods.java:72)
at assignments.EnsekMethods.closeBrowser(EnsekMethods.java:72)
at assignments.EnsekMethods.closeBrowser(EnsekMethods.java:72)
at assignments.EnsekMethods.closeBrowser(EnsekMethods.java:72)
at assignments.EnsekMethods.closeBrowser(EnsekMethods.java:72)
at assignments.EnsekMethods.closeBrowser(EnsekMethods.java:72)
at assignments.EnsekMethods.closeBrowser(EnsekMethods.java:72)
at assignments.EnsekMethods.closeBrowser(EnsekMethods.java:72)
at assignments.EnsekMethods.closeBrowser(EnsekMethods.java:72)
at assignments.EnsekMethods.closeBrowser(EnsekMethods.java:72)
at assignments.EnsekMethods.closeBrowser(EnsekMethods.java:72)
at assignments.EnsekMethods.closeBrowser(EnsekMethods.java:72)
at assignments.EnsekMethods.closeBrowser(EnsekMethods.java:72)
at assignments.EnsekMethods.closeBrowser(EnsekMethods.java:72)
at assignments.EnsekMethods.closeBrowser(EnsekMethods.java:72)
at assignments.EnsekMethods.closeBrowser(EnsekMethods.java:72)
at assignments.EnsekMethods.closeBrowser(EnsekMethods.java:72)
at assignments.EnsekMethods.closeBrowser(EnsekMethods.java:72)
at assignments.EnsekMethods.closeBrowser(EnsekMethods.java:72)
at assignments.EnsekMethods.closeBrowser(EnsekMethods.java:72)
at assignments.EnsekMethods.closeBrowser(EnsekMethods.java:72)
at assignments.EnsekMethods.closeBrowser(EnsekMethods.java:72)
at assignments.EnsekMethods.closeBrowser(EnsekMethods.java:72)
at assignments.EnsekMethods.closeBrowser(EnsekMethods.java:72)
at assignments.EnsekMethods.closeBrowser(EnsekMethods.java:72)
at assignments.EnsekMethods.closeBrowser(EnsekMethods.java:72)
at assignments.EnsekMethods.closeBrowser(EnsekMethods.java:72)
at assignments.EnsekMethods.closeBrowser(EnsekMethods.java:72)
at assignments.EnsekMethods.closeBrowser(EnsekMethods.java:72)
at assignments.EnsekMethods.closeBrowser(EnsekMethods.java:72)
at assignments.EnsekMethods.closeBrowser(EnsekMethods.java:72)
at assignments.EnsekMethods.closeBrowser(EnsekMethods.java:72)
at assignments.EnsekMethods.closeBrowser(EnsekMethods.java:72)
at assignments.EnsekMethods.closeBrowser(EnsekMethods.java:72)
at assignments.EnsekMethods.closeBrowser(EnsekMethods.java:72)
at assignments.EnsekMethods.closeBrowser(EnsekMethods.java:72)
at assignments.EnsekMethods.closeBrowser(EnsekMethods.java:72)
at assignments.EnsekMethods.closeBrowser(EnsekMethods.java:72)
at assignments.EnsekMethods.closeBrowser(EnsekMethods.java:72)
at assignments.EnsekMethods.closeBrowser(EnsekMethods.java:72)
at assignments.EnsekMethods.closeBrowser(EnsekMethods.java:72)
at assignments.EnsekMethods.closeBrowser(EnsekMethods.java:72)
at assignments.EnsekMethods.closeBrowser(EnsekMethods.java:72)
at assignments.EnsekMethods.closeBrowser(EnsekMethods.java:72)
at assignments.EnsekMethods.closeBrowser(EnsekMethods.java:72)
at assignments.EnsekMethods.closeBrowser(EnsekMethods.java:72)
at assignments.EnsekMethods.closeBrowser(EnsekMethods.java:72)
at assignments.EnsekMethods.closeBrowser(EnsekMethods.java:72)
at assignments.EnsekMethods.closeBrowser(EnsekMethods.java:72)
at assignments.EnsekMethods.closeBrowser(EnsekMethods.java:72)
at assignments.EnsekMethods.closeBrowser(EnsekMethods.java:72)
at assignments.EnsekMethods.closeBrowser(EnsekMethods.java:72)
at assignments.EnsekMethods.closeBrowser(EnsekMethods.java:72)
at assignments.EnsekMethods.closeBrowser(EnsekMethods.java:72)
at assignments.EnsekMethods.closeBrowser(EnsekMethods.java:72)
at assignments.EnsekMethods.closeBrowser(EnsekMethods.java:72)
at assignments.EnsekMethods.closeBrowser(EnsekMethods.java:72)
at assignments.EnsekMethods.closeBrowser(EnsekMethods.java:72)
at assignments.EnsekMethods.closeBrowser(EnsekMethods.java:72)
at assignments.EnsekMethods.closeBrowser(EnsekMethods.java:72)
at assignments.EnsekMethods.closeBrowser(EnsekMethods.java:72)
at assignments.EnsekMethods.closeBrowser(EnsekMethods.java:72)
at assignments.EnsekMethods.closeBrowser(EnsekMethods.java:72)
at assignments.EnsekMethods.closeBrowser(EnsekMethods.java:72)
at assignments.EnsekMethods.closeBrowser(EnsekMethods.java:72)
at assignments.EnsekMethods.closeBrowser(EnsekMethods.java:72)
at assignments.EnsekMethods.closeBrowser(EnsekMethods.java:72)
at assignments.EnsekMethods.closeBrowser(EnsekMethods.java:72)
at assignments.EnsekMethods.closeBrowser(EnsekMethods.java:72)
at assignments.EnsekMethods.closeBrowser(EnsekMethods.java:72)
at assignments.EnsekMethods.closeBrowser(EnsekMethods.java:72)
at assignments.EnsekMethods.closeBrowser(EnsekMethods.java:72)
at assignments.EnsekMethods.closeBrowser(EnsekMethods.java:72)
at assignments.EnsekMethods.closeBrowser(EnsekMethods.java:72)
at assignments.EnsekMethods.closeBrowser(EnsekMethods.java:72)
at assignments.EnsekMethods.closeBrowser(EnsekMethods.java:72)
at assignments.EnsekMethods.closeBrowser(EnsekMethods.java:72)
at assignments.EnsekMethods.closeBrowser(EnsekMethods.java:72)
at assignments.EnsekMethods.closeBrowser(EnsekMethods.java:72)
at assignments.EnsekMethods.closeBrowser(EnsekMethods.java:72)
at assignments.EnsekMethods.closeBrowser(EnsekMethods.java:72)
at assignments.EnsekMethods.closeBrowser(EnsekMethods.java:72)
at assignments.EnsekMethods.closeBrowser(EnsekMethods.java:72)
at assignments.EnsekMethods.closeBrowser(EnsekMethods.java:72)
at assignments.EnsekMethods.closeBrowser(EnsekMethods.java:72)
at assignments.EnsekMethods.closeBrowser(EnsekMethods.java:72)
at assignments.EnsekMethods.closeBrowser(EnsekMethods.java:72)
at assignments.EnsekMethods.closeBrowser(EnsekMethods.java:72)
at assignments.EnsekMethods.closeBrowser(EnsekMethods.java:72)
at assignments.EnsekMethods.closeBrowser(EnsekMethods.java:72)
at assignments.EnsekMethods.closeBrowser(EnsekMethods.java:72)
at assignments.EnsekMethods.closeBrowser(EnsekMethods.java:72)
at assignments.EnsekMethods.closeBrowser(EnsekMethods.java:72)
at assignments.EnsekMethods.closeBrowser(EnsekMethods.java:72)
at assignments.EnsekMethods.closeBrowser(EnsekMethods.java:72)
at assignments.EnsekMethods.closeBrowser(EnsekMethods.java:72)
at assignments.EnsekMethods.closeBrowser(EnsekMethods.java:72)
at assignments.EnsekMethods.closeBrowser(EnsekMethods.java:72)
at assignments.EnsekMethods.closeBrowser(EnsekMethods.java:72)
at assignments.EnsekMethods.closeBrowser(EnsekMethods.java:72)
at assignments.EnsekMethods.closeBrowser(EnsekMethods.java:72)
at assignments.EnsekMethods.closeBrowser(EnsekMethods.java:72)
at assignments.EnsekMethods.closeBrowser(EnsekMethods.java:72)
at assignments.EnsekMethods.closeBrowser(EnsekMethods.java:72)
at assignments.EnsekMethods.closeBrowser(EnsekMethods.java:72)
at assignments.EnsekMethods.closeBrowser(EnsekMethods.java:72)
at assignments.EnsekMethods.closeBrowser(EnsekMethods.java:72)
at assignments.EnsekMethods.closeBrowser(EnsekMethods.java:72)
at assignments.EnsekMethods.closeBrowser(EnsekMethods.java:72)
at assignments.EnsekMethods.closeBrowser(EnsekMethods.java:72)
at assignments.EnsekMethods.closeBrowser(EnsekMethods.java:72)
at assignments.EnsekMethods.closeBrowser(EnsekMethods.java:72)
at assignments.EnsekMethods.closeBrowser(EnsekMethods.java:72)
at assignments.EnsekMethods.closeBrowser(EnsekMethods.java:72)
at assignments.EnsekMethods.closeBrowser(EnsekMethods.java:72)
at assignments.EnsekMethods.closeBrowser(EnsekMethods.java:72)
at assignments.EnsekMethods.closeBrowser(EnsekMethods.java:72)
at assignments.EnsekMethods.closeBrowser(EnsekMethods.java:72)
at assignments.EnsekMethods.closeBrowser(EnsekMethods.java:72)
at assignments.EnsekMethods.closeBrowser(EnsekMethods.java:72)
at assignments.EnsekMethods.closeBrowser(EnsekMethods.java:72)
at assignments.EnsekMethods.closeBrowser(EnsekMethods.java:72)
at assignments.EnsekMethods.closeBrowser(EnsekMethods.java:72)
at assignments.EnsekMethods.closeBrowser(EnsekMethods.java:72)
at assignments.EnsekMethods.closeBrowser(EnsekMethods.java:72)
at assignments.EnsekMethods.closeBrowser(EnsekMethods.java:72)
at assignments.EnsekMethods.closeBrowser(EnsekMethods.java:72)
at assignments.EnsekMethods.closeBrowser(EnsekMethods.java:72)
at assignments.EnsekMethods.closeBrowser(EnsekMethods.java:72)
at assignments.EnsekMethods.closeBrowser(EnsekMethods.java:72)
at assignments.EnsekMethods.closeBrowser(EnsekMethods.java:72)
at assignments.EnsekMethods.closeBrowser(EnsekMethods.java:72)
at assignments.EnsekMethods.closeBrowser(EnsekMethods.java:72)
at assignments.EnsekMethods.closeBrowser(EnsekMethods.java:72)
at assignments.EnsekMethods.closeBrowser(EnsekMethods.java:72)
at assignments.EnsekMethods.closeBrowser(EnsekMethods.java:72)
at assignments.EnsekMethods.closeBrowser(EnsekMethods.java:72)
at assignments.EnsekMethods.closeBrowser(EnsekMethods.java:72)
at assignments.EnsekMethods.closeBrowser(EnsekMethods.java:72)
at assignments.EnsekMethods.closeBrowser(EnsekMethods.java:72)
at assignments.EnsekMethods.closeBrowser(EnsekMethods.java:72)
at assignments.EnsekMethods.closeBrowser(EnsekMethods.java:72)
at assignments.EnsekMethods.closeBrowser(EnsekMethods.java:72)
at assignments.EnsekMethods.closeBrowser(EnsekMethods.java:72)
at assignments.EnsekMethods.closeBrowser(EnsekMethods.java:72)
at assignments.EnsekMethods.closeBrowser(EnsekMethods.java:72)
at assignments.EnsekMethods.closeBrowser(EnsekMethods.java:72)
at assignments.EnsekMethods.closeBrowser(EnsekMethods.java:72)
at assignments.EnsekMethods.closeBrowser(EnsekMethods.java:72)
at assignments.EnsekMethods.closeBrowser(EnsekMethods.java:72)
at assignments.EnsekMethods.closeBrowser(EnsekMethods.java:72)
at assignments.EnsekMethods.closeBrowser(EnsekMethods.java:72)
at assignments.EnsekMethods.closeBrowser(EnsekMethods.java:72)
at assignments.EnsekMethods.closeBrowser(EnsekMethods.java:72)
at assignments.EnsekMethods.closeBrowser(EnsekMethods.java:72)
at assignments.EnsekMethods.closeBrowser(EnsekMethods.java:72)
at assignments.EnsekMethods.closeBrowser(EnsekMethods.java:72)
at assignments.EnsekMethods.closeBrowser(EnsekMethods.java:72)
at assignments.EnsekMethods.closeBrowser(EnsekMethods.java:72)
at assignments.EnsekMethods.closeBrowser(EnsekMethods.java:72)
at assignments.EnsekMethods.closeBrowser(EnsekMethods.java:72)
at assignments.EnsekMethods.closeBrowser(EnsekMethods.java:72)
at assignments.EnsekMethods.closeBrowser(EnsekMethods.java:72)
at assignments.EnsekMethods.closeBrowser(EnsekMethods.java:72)
at assignments.EnsekMethods.closeBrowser(EnsekMethods.java:72)
at assignments.EnsekMethods.closeBrowser(EnsekMethods.java:72)
at assignments.EnsekMethods.closeBrowser(EnsekMethods.java:72)
at assignments.EnsekMethods.closeBrowser(EnsekMethods.java:72)
at assignments.EnsekMethods.closeBrowser(EnsekMethods.java:72)
at assignments.EnsekMethods.closeBrowser(EnsekMethods.java:72)
at assignments.EnsekMethods.closeBrowser(EnsekMethods.java:72)
at assignments.EnsekMethods.closeBrowser(EnsekMethods.java:72)
at assignments.EnsekMethods.closeBrowser(EnsekMethods.java:72)
at assignments.EnsekMethods.closeBrowser(EnsekMethods.java:72)
at assignments.EnsekMethods.closeBrowser(EnsekMethods.java:72)
at assignments.EnsekMethods.closeBrowser(EnsekMethods.java:72)
at assignments.EnsekMethods.closeBrowser(EnsekMethods.java:72)
at assignments.EnsekMethods.closeBrowser(EnsekMethods.java:72)
at assignments.EnsekMethods.closeBrowser(EnsekMethods.java:72)
at assignments.EnsekMethods.closeBrowser(EnsekMethods.java:72)
at assignments.EnsekMethods.closeBrowser(EnsekMethods.java:72)
at assignments.EnsekMethods.closeBrowser(EnsekMethods.java:72)
at assignments.EnsekMethods.closeBrowser(EnsekMethods.java:72)
at assignments.EnsekMethods.closeBrowser(EnsekMethods.java:72)
at assignments.EnsekMethods.closeBrowser(EnsekMethods.java:72)
at assignments.EnsekMethods.closeBrowser(EnsekMethods.java:72)
at assignments.EnsekMethods.closeBrowser(EnsekMethods.java:72)
at assignments.EnsekMethods.closeBrowser(EnsekMethods.java:72)
at assignments.EnsekMethods.closeBrowser(EnsekMethods.java:72)
at assignments.EnsekMethods.closeBrowser(EnsekMethods.java:72)
at assignments.EnsekMethods.closeBrowser(EnsekMethods.java:72)
at assignments.EnsekMethods.closeBrowser(EnsekMethods.java:72)
at assignments.EnsekMethods.closeBrowser(EnsekMethods.java:72)
at assignments.EnsekMethods.closeBrowser(EnsekMethods.java:72)
at assignments.EnsekMethods.closeBrowser(EnsekMethods.java:72)
at assignments.EnsekMethods.closeBrowser(EnsekMethods.java:72)
at assignments.EnsekMethods.closeBrowser(EnsekMethods.java:72)
at assignments.EnsekMethods.closeBrowser(EnsekMethods.java:72)
at assignments.EnsekMethods.closeBrowser(EnsekMethods.java:72)
at assignments.EnsekMethods.closeBrowser(EnsekMethods.java:72)
at assignments.EnsekMethods.closeBrowser(EnsekMethods.java:72)
at assignments.EnsekMethods.closeBrowser(EnsekMethods.java:72)
at assignments.EnsekMethods.closeBrowser(EnsekMethods.java:72)
at assignments.EnsekMethods.closeBrowser(EnsekMethods.java:72)
at assignments.EnsekMethods.closeBrowser(EnsekMethods.java:72)
at assignments.EnsekMethods.closeBrowser(EnsekMethods.java:72)
at assignments.EnsekMethods.closeBrowser(EnsekMethods.java:72)
at assignments.EnsekMethods.closeBrowser(EnsekMethods.java:72)
at assignments.EnsekMethods.closeBrowser(EnsekMethods.java:72)
at assignments.EnsekMethods.closeBrowser(EnsekMethods.java:72)
at assignments.EnsekMethods.closeBrowser(EnsekMethods.java:72)
at assignments.EnsekMethods.closeBrowser(EnsekMethods.java:72)
at assignments.EnsekMethods.closeBrowser(EnsekMethods.java:72)
at assignments.EnsekMethods.closeBrowser(EnsekMethods.java:72)
at assignments.EnsekMethods.closeBrowser(EnsekMethods.java:72)
at assignments.EnsekMethods.closeBrowser(EnsekMethods.java:72)
at assignments.EnsekMethods.closeBrowser(EnsekMethods.java:72)
at assignments.EnsekMethods.closeBrowser(EnsekMethods.java:72)
at assignments.EnsekMethods.closeBrowser(EnsekMethods.java:72)
at assignments.EnsekMethods.closeBrowser(EnsekMethods.java:72)
at assignments.EnsekMethods.closeBrowser(EnsekMethods.java:72)
at assignments.EnsekMethods.closeBrowser(EnsekMethods.java:72)
at assignments.EnsekMethods.closeBrowser(EnsekMethods.java:72)
at assignments.EnsekMethods.closeBrowser(EnsekMethods.java:72)
at assignments.EnsekMethods.closeBrowser(EnsekMethods.java:72)
at assignments.EnsekMethods.closeBrowser(EnsekMethods.java:72)
at assignments.EnsekMethods.closeBrowser(EnsekMethods.java:72)
at assignments.EnsekMethods.closeBrowser(EnsekMethods.java:72)
at assignments.EnsekMethods.closeBrowser(EnsekMethods.java:72)
at assignments.EnsekMethods.closeBrowser(EnsekMethods.java:72)
at assignments.EnsekMethods.closeBrowser(EnsekMethods.java:72)
at assignments.EnsekMethods.closeBrowser(EnsekMethods.java:72)
at assignments.EnsekMethods.closeBrowser(EnsekMethods.java:72)
at assignments.EnsekMethods.closeBrowser(EnsekMethods.java:72)
at assignments.EnsekMethods.closeBrowser(EnsekMethods.java:72)
at assignments.EnsekMethods.closeBrowser(EnsekMethods.java:72)
at assignments.EnsekMethods.closeBrowser(EnsekMethods.java:72)
at assignments.EnsekMethods.closeBrowser(EnsekMethods.java:72)
at assignments.EnsekMethods.closeBrowser(EnsekMethods.java:72)
at assignments.EnsekMethods.closeBrowser(EnsekMethods.java:72)
at assignments.EnsekMethods.closeBrowser(EnsekMethods.java:72)
at assignments.EnsekMethods.closeBrowser(EnsekMethods.java:72)
at assignments.EnsekMethods.closeBrowser(EnsekMethods.java:72)
at assignments.EnsekMethods.closeBrowser(EnsekMethods.java:72)
at assignments.EnsekMethods.closeBrowser(EnsekMethods.java:72)
at assignments.EnsekMethods.closeBrowser(EnsekMethods.java:72)
at assignments.EnsekMethods.closeBrowser(EnsekMethods.java:72)
at assignments.EnsekMethods.closeBrowser(EnsekMethods.java:72)
at assignments.EnsekMethods.closeBrowser(EnsekMethods.java:72)
at assignments.EnsekMethods.closeBrowser(EnsekMethods.java:72)
at assignments.EnsekMethods.closeBrowser(EnsekMethods.java:72)
at assignments.EnsekMethods.closeBrowser(EnsekMethods.java:72)
at assignments.EnsekMethods.closeBrowser(EnsekMethods.java:72)
at assignments.EnsekMethods.closeBrowser(EnsekMethods.java:72)
at assignments.EnsekMethods.closeBrowser(EnsekMethods.java:72)
at assignments.EnsekMethods.closeBrowser(EnsekMethods.java:72)
at assignments.EnsekMethods.closeBrowser(EnsekMethods.java:72)
at assignments.EnsekMethods.closeBrowser(EnsekMethods.java:72)
at assignments.EnsekMethods.closeBrowser(EnsekMethods.java:72)
at assignments.EnsekMethods.closeBrowser(EnsekMethods.java:72)
at assignments.EnsekMethods.closeBrowser(EnsekMethods.java:72)
at assignments.EnsekMethods.closeBrowser(EnsekMethods.java:72)
at assignments.EnsekMethods.closeBrowser(EnsekMethods.java:72)
at assignments.EnsekMethods.closeBrowser(EnsekMethods.java:72)
at assignments.EnsekMethods.closeBrowser(EnsekMethods.java:72)
at assignments.EnsekMethods.closeBrowser(EnsekMethods.java:72)
at assignments.EnsekMethods.closeBrowser(EnsekMethods.java:72)
at assignments.EnsekMethods.closeBrowser(EnsekMethods.java:72)
at assignments.EnsekMethods.closeBrowser(EnsekMethods.java:72)
at assignments.EnsekMethods.closeBrowser(EnsekMethods.java:72)
at assignments.EnsekMethods.closeBrowser(EnsekMethods.java:72)
at assignments.EnsekMethods.closeBrowser(EnsekMethods.java:72)
at assignments.EnsekMethods.closeBrowser(EnsekMethods.java:72)
at assignments.EnsekMethods.closeBrowser(EnsekMethods.java:72)
at assignments.EnsekMethods.closeBrowser(EnsekMethods.java:72)
at assignments.EnsekMethods.closeBrowser(EnsekMethods.java:72)
at assignments.EnsekMethods.closeBrowser(EnsekMethods.java:72)
at assignments.EnsekMethods.closeBrowser(EnsekMethods.java:72)
at assignments.EnsekMethods.closeBrowser(EnsekMethods.java:72)
at assignments.EnsekMethods.closeBrowser(EnsekMethods.java:72)
at assignments.EnsekMethods.closeBrowser(EnsekMethods.java:72)
at assignments.EnsekMethods.closeBrowser(EnsekMethods.java:72)
at assignments.EnsekMethods.closeBrowser(EnsekMethods.java:72)
at assignments.EnsekMethods.closeBrowser(EnsekMethods.java:72)
at assignments.EnsekMethods.closeBrowser(EnsekMethods.java:72)
at assignments.EnsekMethods.closeBrowser(EnsekMethods.java:72)
at assignments.EnsekMethods.closeBrowser(EnsekMethods.java:72)
at assignments.EnsekMethods.closeBrowser(EnsekMethods.java:72)
at assignments.EnsekMethods.closeBrowser(EnsekMethods.java:72)
at assignments.EnsekMethods.closeBrowser(EnsekMethods.java:72)
at assignments.EnsekMethods.closeBrowser(EnsekMethods.java:72)
at assignments.EnsekMethods.closeBrowser(EnsekMethods.java:72)
at assignments.EnsekMethods.closeBrowser(EnsekMethods.java:72)
at assignments.EnsekMethods.closeBrowser(EnsekMethods.java:72)
at assignments.EnsekMethods.closeBrowser(EnsekMethods.java:72)
at assignments.EnsekMethods.closeBrowser(EnsekMethods.java:72)
at assignments.EnsekMethods.closeBrowser(EnsekMethods.java:72)
at assignments.EnsekMethods.closeBrowser(EnsekMethods.java:72)
at assignments.EnsekMethods.closeBrowser(EnsekMethods.java:72)
at assignments.EnsekMethods.closeBrowser(EnsekMethods.java:72)
at assignments.EnsekMethods.closeBrowser(EnsekMethods.java:72)
at assignments.EnsekMethods.closeBrowser(EnsekMethods.java:72)
at assignments.EnsekMethods.closeBrowser(EnsekMethods.java:72)
at assignments.EnsekMethods.closeBrowser(EnsekMethods.java:72)
at assignments.EnsekMethods.closeBrowser(EnsekMethods.java:72)
at assignments.EnsekMethods.closeBrowser(EnsekMethods.java:72)
at assignments.EnsekMethods.closeBrowser(EnsekMethods.java:72)
at assignments.EnsekMethods.closeBrowser(EnsekMethods.java:72)
at assignments.EnsekMethods.closeBrowser(EnsekMethods.java:72)
at assignments.EnsekMethods.closeBrowser(EnsekMethods.java:72)
at assignments.EnsekMethods.closeBrowser(EnsekMethods.java:72)
at assignments.EnsekMethods.closeBrowser(EnsekMethods.java:72)
at assignments.EnsekMethods.closeBrowser(EnsekMethods.java:72)
at assignments.EnsekMethods.closeBrowser(EnsekMethods.java:72)
at assignments.EnsekMethods.closeBrowser(EnsekMethods.java:72)
at assignments.EnsekMethods.closeBrowser(EnsekMethods.java:72)
at assignments.EnsekMethods.closeBrowser(EnsekMethods.java:72)
at assignments.EnsekMethods.closeBrowser(EnsekMethods.java:72)
at assignments.EnsekMethods.closeBrowser(EnsekMethods.java:72)
at assignments.EnsekMethods.closeBrowser(EnsekMethods.java:72)
at assignments.EnsekMethods.closeBrowser(EnsekMethods.java:72)
at assignments.EnsekMethods.closeBrowser(EnsekMethods.java:72)
at assignments.EnsekMethods.closeBrowser(EnsekMethods.java:72)
at assignments.EnsekMethods.closeBrowser(EnsekMethods.java:72)
at assignments.EnsekMethods.closeBrowser(EnsekMethods.java:72)
at assignments.EnsekMethods.closeBrowser(EnsekMethods.java:72)
at assignments.EnsekMethods.closeBrowser(EnsekMethods.java:72)
at assignments.EnsekMethods.closeBrowser(EnsekMethods.java:72)
at assignments.EnsekMethods.closeBrowser(EnsekMethods.java:72)
at assignments.EnsekMethods.closeBrowser(EnsekMethods.java:72)
at assignments.EnsekMethods.closeBrowser(EnsekMethods.java:72)
at assignments.EnsekMethods.closeBrowser(EnsekMethods.java:72)
at assignments.EnsekMethods.closeBrowser(EnsekMethods.java:72)
at assignments.EnsekMethods.closeBrowser(EnsekMethods.java:72)
at assignments.EnsekMethods.closeBrowser(EnsekMethods.java:72)
at assignments.EnsekMethods.closeBrowser(EnsekMethods.java:72)
at assignments.EnsekMethods.closeBrowser(EnsekMethods.java:72)
at assignments.EnsekMethods.closeBrowser(EnsekMethods.java:72)
at assignments.EnsekMethods.closeBrowser(EnsekMethods.java:72)
at assignments.EnsekMethods.closeBrowser(EnsekMethods.java:72)
at assignments.EnsekMethods.closeBrowser(EnsekMethods.java:72)
at assignments.EnsekMethods.closeBrowser(EnsekMethods.java:72)
at assignments.EnsekMethods.closeBrowser(EnsekMethods.java:72)
at assignments.EnsekMethods.closeBrowser(EnsekMethods.java:72)
at assignments.EnsekMethods.closeBrowser(EnsekMethods.java:72)
at assignments.EnsekMethods.closeBrowser(EnsekMethods.java:72)
at assignments.EnsekMethods.closeBrowser(EnsekMethods.java:72)
at assignments.EnsekMethods.closeBrowser(EnsekMethods.java:72)
at assignments.EnsekMethods.closeBrowser(EnsekMethods.java:72)
at assignments.EnsekMethods.closeBrowser(EnsekMethods.java:72)
at assignments.EnsekMethods.closeBrowser(EnsekMethods.java:72)
at assignments.EnsekMethods.closeBrowser(EnsekMethods.java:72)
at assignments.EnsekMethods.closeBrowser(EnsekMethods.java:72)
at assignments.EnsekMethods.closeBrowser(EnsekMethods.java:72)
at assignments.EnsekMethods.closeBrowser(EnsekMethods.java:72)
at assignments.EnsekMethods.closeBrowser(EnsekMethods.java:72)
at assignments.EnsekMethods.closeBrowser(EnsekMethods.java:72)
at assignments.EnsekMethods.closeBrowser(EnsekMethods.java:72)
at assignments.EnsekMethods.closeBrowser(EnsekMethods.java:72)
at assignments.EnsekMethods.closeBrowser(EnsekMethods.java:72)
at assignments.EnsekMethods.closeBrowser(EnsekMethods.java:72)
at assignments.EnsekMethods.closeBrowser(EnsekMethods.java:72)
at assignments.EnsekMethods.closeBrowser(EnsekMethods.java:72)
at assignments.EnsekMethods.closeBrowser(EnsekMethods.java:72)
at assignments.EnsekMethods.closeBrowser(EnsekMethods.java:72)
at assignments.EnsekMethods.closeBrowser(EnsekMethods.java:72)
at assignments.EnsekMethods.closeBrowser(EnsekMethods.java:72)
at assignments.EnsekMethods.closeBrowser(EnsekMethods.java:72)
at assignments.EnsekMethods.closeBrowser(EnsekMethods.java:72)
at assignments.EnsekMethods.closeBrowser(EnsekMethods.java:72)
at assignments.EnsekMethods.closeBrowser(EnsekMethods.java:72)
at assignments.EnsekMethods.closeBrowser(EnsekMethods.java:72)
at assignments.EnsekMethods.closeBrowser(EnsekMethods.java:72)
at assignments.EnsekMethods.closeBrowser(EnsekMethods.java:72)
at assignments.EnsekMethods.closeBrowser(EnsekMethods.java:72)
at assignments.EnsekMethods.closeBrowser(EnsekMethods.java:72)
at assignments.EnsekMethods.closeBrowser(EnsekMethods.java:72)
at assignments.EnsekMethods.closeBrowser(EnsekMethods.java:72)
at assignments.EnsekMethods.closeBrowser(EnsekMethods.java:72)
at assignments.EnsekMethods.closeBrowser(EnsekMethods.java:72)
at assignments.EnsekMethods.closeBrowser(EnsekMethods.java:72)
at assignments.EnsekMethods.closeBrowser(EnsekMethods.java:72)
at assignments.EnsekMethods.closeBrowser(EnsekMethods.java:72)
at assignments.EnsekMethods.closeBrowser(EnsekMethods.java:72)
at assignments.EnsekMethods.closeBrowser(EnsekMethods.java:72)
at assignments.EnsekMethods.closeBrowser(EnsekMethods.java:72)
at assignments.EnsekMethods.closeBrowser(EnsekMethods.java:72)
at assignments.EnsekMethods.closeBrowser(EnsekMethods.java:72)
at assignments.EnsekMethods.closeBrowser(EnsekMethods.java:72)
at assignments.EnsekMethods.closeBrowser(EnsekMethods.java:72)
at assignments.EnsekMethods.closeBrowser(EnsekMethods.java:72)
at assignments.EnsekMethods.closeBrowser(EnsekMethods.java:72)
at assignments.EnsekMethods.closeBrowser(EnsekMethods.java:72)
at assignments.EnsekMethods.closeBrowser(EnsekMethods.java:72)
at assignments.EnsekMethods.closeBrowser(EnsekMethods.java:72)
at assignments.EnsekMethods.closeBrowser(EnsekMethods.java:72)
at assignments.EnsekMethods.closeBrowser(EnsekMethods.java:72)
at assignments.EnsekMethods.closeBrowser(EnsekMethods.java:72)
at assignments.EnsekMethods.closeBrowser(EnsekMethods.java:72)
at assignments.EnsekMethods.closeBrowser(EnsekMethods.java:72)
at assignments.EnsekMethods.closeBrowser(EnsekMethods.java:72)
at assignments.EnsekMethods.closeBrowser(EnsekMethods.java:72)
at assignments.EnsekMethods.closeBrowser(EnsekMethods.java:72)
at assignments.EnsekMethods.closeBrowser(EnsekMethods.java:72)
at assignments.EnsekMethods.closeBrowser(EnsekMethods.java:72)
at assignments.EnsekMethods.closeBrowser(EnsekMethods.java:72)
at assignments.EnsekMethods.closeBrowser(EnsekMethods.java:72)
at assignments.EnsekMethods.closeBrowser(EnsekMethods.java:72)
at assignments.EnsekMethods.closeBrowser(EnsekMethods.java:72)
at assignments.EnsekMethods.closeBrowser(EnsekMethods.java:72)
at assignments.EnsekMethods.closeBrowser(EnsekMethods.java:72)
at assignments.EnsekMethods.closeBrowser(EnsekMethods.java:72)
at assignments.EnsekMethods.closeBrowser(EnsekMethods.java:72)
at assignments.EnsekMethods.closeBrowser(EnsekMethods.java:72)
at assignments.EnsekMethods.closeBrowser(EnsekMethods.java:72)
at assignments.EnsekMethods.closeBrowser(EnsekMethods.java:72)
at assignments.EnsekMethods.closeBrowser(EnsekMethods.java:72)
at assignments.EnsekMethods.closeBrowser(EnsekMethods.java:72)
at assignments.EnsekMethods.closeBrowser(EnsekMethods.java:72)
at assignments.EnsekMethods.closeBrowser(EnsekMethods.java:72)
at assignments.EnsekMethods.closeBrowser(EnsekMethods.java:72)
at assignments.EnsekMethods.closeBrowser(EnsekMethods.java:72)
]]>
            </full-stacktrace>
          </exception> <!-- java.lang.StackOverflowError -->
          <reporter-output>
          </reporter-output>
        </test-method> <!-- closeBrowser -->
      </class> <!-- assignments.BuyEnergyTest -->
    </test> <!-- Default test -->
  </suite> <!-- Default suite -->
</testng-results>
